{"/home/travis/build/npmtest/node-npmtest-custom-react-scripts/test.js":{"path":"/home/travis/build/npmtest/node-npmtest-custom-react-scripts/test.js","s":{"1":2,"2":2,"3":2,"4":2,"5":2,"6":2,"7":2,"8":1,"9":2,"10":2,"11":1,"12":1,"13":1,"14":1,"15":2,"16":2,"17":2,"18":2,"19":1,"20":1,"21":2,"22":2,"23":2,"24":1,"25":1,"26":1,"27":1,"28":1,"29":1,"30":1,"31":1,"32":1,"33":1,"34":1,"35":1,"36":1,"37":1,"38":1,"39":2,"40":2,"41":1,"42":2,"43":2,"44":1,"45":2,"46":2,"47":1,"48":2,"49":2,"50":1,"51":1,"52":1,"53":1,"54":1},"b":{"1":[2,1,1,1],"2":[1,1,1,1],"3":[1,1],"4":[1,1],"5":[1,1],"6":[1,1],"7":[1,1],"8":[1,1],"9":[1,1],"10":[1,1,1],"11":[1,1],"12":[1,1],"13":[1,1],"14":[1,1],"15":[1,1],"16":[1,1],"17":[1,1]},"f":{"1":2,"2":2,"3":2,"4":2,"5":2,"6":1,"7":1,"8":1,"9":2,"10":2,"11":2,"12":2,"13":1},"fnMap":{"1":{"name":"(anonymous_1)","line":12,"loc":{"start":{"line":12,"column":1},"end":{"line":12,"column":13}}},"2":{"name":"(anonymous_2)","line":19,"loc":{"start":{"line":19,"column":5},"end":{"line":19,"column":17}}},"3":{"name":"(anonymous_3)","line":23,"loc":{"start":{"line":23,"column":24},"end":{"line":23,"column":36}}},"4":{"name":"(anonymous_4)","line":61,"loc":{"start":{"line":61,"column":5},"end":{"line":61,"column":17}}},"5":{"name":"(anonymous_5)","line":82,"loc":{"start":{"line":82,"column":5},"end":{"line":82,"column":17}}},"6":{"name":"(anonymous_6)","line":91,"loc":{"start":{"line":91,"column":77},"end":{"line":94,"column":10}}},"7":{"name":"(anonymous_7)","line":112,"loc":{"start":{"line":112,"column":83},"end":{"line":115,"column":10}},"skip":true},"8":{"name":"(anonymous_8)","line":123,"loc":{"start":{"line":123,"column":77},"end":{"line":126,"column":10}},"skip":true},"9":{"name":"(anonymous_9)","line":139,"loc":{"start":{"line":139,"column":12},"end":{"line":139,"column":40}},"skip":true},"10":{"name":"(anonymous_10)","line":147,"loc":{"start":{"line":147,"column":77},"end":{"line":150,"column":10}},"skip":true},"11":{"name":"(anonymous_11)","line":158,"loc":{"start":{"line":158,"column":83},"end":{"line":161,"column":10}},"skip":true},"12":{"name":"(anonymous_12)","line":169,"loc":{"start":{"line":169,"column":79},"end":{"line":172,"column":10}},"skip":true},"13":{"name":"(anonymous_13)","line":180,"loc":{"start":{"line":180,"column":75},"end":{"line":183,"column":10}},"skip":true}},"statementMap":{"1":{"start":{"line":12,"column":0},"end":{"line":195,"column":5}},"2":{"start":{"line":14,"column":4},"end":{"line":14,"column":14}},"3":{"start":{"line":19,"column":4},"end":{"line":56,"column":9}},"4":{"start":{"line":21,"column":8},"end":{"line":21,"column":19}},"5":{"start":{"line":23,"column":8},"end":{"line":35,"column":13}},"6":{"start":{"line":24,"column":12},"end":{"line":34,"column":13}},"7":{"start":{"line":25,"column":16},"end":{"line":28,"column":30}},"8":{"start":{"line":30,"column":16},"end":{"line":33,"column":27}},"9":{"start":{"line":37,"column":8},"end":{"line":39,"column":21}},"10":{"start":{"line":40,"column":8},"end":{"line":53,"column":9}},"11":{"start":{"line":43,"column":12},"end":{"line":46,"column":14}},"12":{"start":{"line":47,"column":12},"end":{"line":47,"column":18}},"13":{"start":{"line":50,"column":12},"end":{"line":51,"column":46}},"14":{"start":{"line":52,"column":12},"end":{"line":52,"column":18}},"15":{"start":{"line":55,"column":8},"end":{"line":55,"column":35}},"16":{"start":{"line":61,"column":4},"end":{"line":63,"column":9}},"17":{"start":{"line":62,"column":8},"end":{"line":62,"column":15}},"18":{"start":{"line":64,"column":4},"end":{"line":77,"column":5}},"19":{"start":{"line":70,"column":8},"end":{"line":70,"column":14}},"20":{"start":{"line":76,"column":8},"end":{"line":76,"column":14}},"21":{"start":{"line":82,"column":4},"end":{"line":84,"column":9}},"22":{"start":{"line":83,"column":8},"end":{"line":83,"column":15}},"23":{"start":{"line":85,"column":4},"end":{"line":194,"column":5}},"24":{"start":{"line":91,"column":8},"end":{"line":99,"column":10}},"25":{"start":{"line":98,"column":12},"end":{"line":98,"column":35}},"26":{"start":{"line":102,"column":8},"end":{"line":104,"column":63}},"27":{"start":{"line":105,"column":8},"end":{"line":105,"column":14}},"28":{"start":{"line":112,"column":8},"end":{"line":121,"column":10},"skip":true},"29":{"start":{"line":119,"column":12},"end":{"line":119,"column":55},"skip":true},"30":{"start":{"line":120,"column":12},"end":{"line":120,"column":48},"skip":true},"31":{"start":{"line":123,"column":8},"end":{"line":136,"column":10},"skip":true},"32":{"start":{"line":130,"column":12},"end":{"line":130,"column":76},"skip":true},"33":{"start":{"line":131,"column":12},"end":{"line":131,"column":73},"skip":true},"34":{"start":{"line":132,"column":12},"end":{"line":132,"column":74},"skip":true},"35":{"start":{"line":133,"column":12},"end":{"line":133,"column":79},"skip":true},"36":{"start":{"line":134,"column":12},"end":{"line":134,"column":25},"skip":true},"37":{"start":{"line":135,"column":12},"end":{"line":135,"column":45},"skip":true},"38":{"start":{"line":138,"column":8},"end":{"line":145,"column":14},"skip":true},"39":{"start":{"line":143,"column":16},"end":{"line":143,"column":29},"skip":true},"40":{"start":{"line":144,"column":16},"end":{"line":144,"column":55},"skip":true},"41":{"start":{"line":147,"column":8},"end":{"line":156,"column":10},"skip":true},"42":{"start":{"line":154,"column":12},"end":{"line":154,"column":25},"skip":true},"43":{"start":{"line":155,"column":12},"end":{"line":155,"column":45},"skip":true},"44":{"start":{"line":158,"column":8},"end":{"line":167,"column":10},"skip":true},"45":{"start":{"line":165,"column":12},"end":{"line":165,"column":25},"skip":true},"46":{"start":{"line":166,"column":12},"end":{"line":166,"column":48},"skip":true},"47":{"start":{"line":169,"column":8},"end":{"line":178,"column":10},"skip":true},"48":{"start":{"line":176,"column":12},"end":{"line":176,"column":25},"skip":true},"49":{"start":{"line":177,"column":12},"end":{"line":177,"column":46},"skip":true},"50":{"start":{"line":180,"column":8},"end":{"line":189,"column":10},"skip":true},"51":{"start":{"line":187,"column":12},"end":{"line":187,"column":94},"skip":true},"52":{"start":{"line":188,"column":12},"end":{"line":188,"column":48},"skip":true},"53":{"start":{"line":192,"column":8},"end":{"line":192,"column":35},"skip":true},"54":{"start":{"line":193,"column":8},"end":{"line":193,"column":14},"skip":true}},"branchMap":{"1":{"line":25,"type":"binary-expr","locations":[{"start":{"line":25,"column":23},"end":{"line":25,"column":62}},{"start":{"line":26,"column":20},"end":{"line":26,"column":70}},{"start":{"line":27,"column":20},"end":{"line":27,"column":71}},{"start":{"line":28,"column":20},"end":{"line":28,"column":29}}]},"2":{"line":30,"type":"binary-expr","locations":[{"start":{"line":30,"column":23},"end":{"line":30,"column":37}},{"start":{"line":31,"column":20},"end":{"line":31,"column":61}},{"start":{"line":32,"column":20},"end":{"line":32,"column":70}},{"start":{"line":33,"column":20},"end":{"line":33,"column":26}}]},"3":{"line":37,"type":"cond-expr","locations":[{"start":{"line":38,"column":14},"end":{"line":38,"column":20}},{"start":{"line":39,"column":14},"end":{"line":39,"column":20}}]},"4":{"line":40,"type":"switch","locations":[{"start":{"line":42,"column":8},"end":{"line":47,"column":18}},{"start":{"line":49,"column":8},"end":{"line":52,"column":18}}]},"5":{"line":44,"type":"binary-expr","locations":[{"start":{"line":44,"column":16},"end":{"line":44,"column":44}},{"start":{"line":44,"column":48},"end":{"line":44,"column":66}}]},"6":{"line":50,"type":"binary-expr","locations":[{"start":{"line":50,"column":21},"end":{"line":50,"column":49}},{"start":{"line":50,"column":53},"end":{"line":50,"column":72}}]},"7":{"line":64,"type":"switch","locations":[{"start":{"line":69,"column":4},"end":{"line":70,"column":14}},{"start":{"line":75,"column":4},"end":{"line":76,"column":14}}]},"8":{"line":85,"type":"switch","locations":[{"start":{"line":90,"column":4},"end":{"line":105,"column":14}},{"start":{"line":111,"column":4},"end":{"line":193,"column":14},"skip":true}]},"9":{"line":91,"type":"binary-expr","locations":[{"start":{"line":91,"column":42},"end":{"line":91,"column":73}},{"start":{"line":91,"column":77},"end":{"line":99,"column":9}}]},"10":{"line":102,"type":"binary-expr","locations":[{"start":{"line":102,"column":18},"end":{"line":102,"column":32}},{"start":{"line":103,"column":12},"end":{"line":103,"column":53}},{"start":{"line":104,"column":12},"end":{"line":104,"column":61}}]},"11":{"line":112,"type":"binary-expr","locations":[{"start":{"line":112,"column":45},"end":{"line":112,"column":79},"skip":true},{"start":{"line":112,"column":83},"end":{"line":121,"column":9},"skip":true}]},"12":{"line":123,"type":"binary-expr","locations":[{"start":{"line":123,"column":42},"end":{"line":123,"column":73},"skip":true},{"start":{"line":123,"column":77},"end":{"line":136,"column":9},"skip":true}]},"13":{"line":138,"type":"binary-expr","locations":[{"start":{"line":138,"column":48},"end":{"line":138,"column":85},"skip":true},{"start":{"line":139,"column":12},"end":{"line":145,"column":13},"skip":true}]},"14":{"line":147,"type":"binary-expr","locations":[{"start":{"line":147,"column":42},"end":{"line":147,"column":73},"skip":true},{"start":{"line":147,"column":77},"end":{"line":156,"column":9},"skip":true}]},"15":{"line":158,"type":"binary-expr","locations":[{"start":{"line":158,"column":45},"end":{"line":158,"column":79},"skip":true},{"start":{"line":158,"column":83},"end":{"line":167,"column":9},"skip":true}]},"16":{"line":169,"type":"binary-expr","locations":[{"start":{"line":169,"column":43},"end":{"line":169,"column":75},"skip":true},{"start":{"line":169,"column":79},"end":{"line":178,"column":9},"skip":true}]},"17":{"line":180,"type":"binary-expr","locations":[{"start":{"line":180,"column":41},"end":{"line":180,"column":71},"skip":true},{"start":{"line":180,"column":75},"end":{"line":189,"column":9},"skip":true}]}},"code":["/* istanbul instrument in package npmtest_custom_react_scripts */","/*jslint","    bitwise: true,","    browser: true,","    maxerr: 8,","    maxlen: 96,","    node: true,","    nomen: true,","    regexp: true,","    stupid: true","*/","(function () {","    'use strict';","    var local;","","","","    // run shared js-env code - pre-init","    (function () {","        // init local","        local = {};","        // init modeJs","        local.modeJs = (function () {","            try {","                return typeof navigator.userAgent === 'string' &&","                    typeof document.querySelector('body') === 'object' &&","                    typeof XMLHttpRequest.prototype.open === 'function' &&","                    'browser';","            } catch (errorCaughtBrowser) {","                return module.exports &&","                    typeof process.versions.node === 'string' &&","                    typeof require('http').createServer === 'function' &&","                    'node';","            }","        }());","        // init global","        local.global = local.modeJs === 'browser'","            ? window","            : global;","        switch (local.modeJs) {","        // re-init local from window.local","        case 'browser':","            local = local.global.utility2.objectSetDefault(","                local.global.utility2_rollup || local.global.local,","                local.global.utility2","            );","            break;","        // re-init local from example.js","        case 'node':","            local = (local.global.utility2_rollup || require('utility2'))","                .requireExampleJsFromReadme();","            break;","        }","        // export local","        local.global.local = local;","    }());","","","","    // run shared js-env code - function","    (function () {","        return;","    }());","    switch (local.modeJs) {","","","","    // run browser js-env code - function","    case 'browser':","        break;","","","","    // run node js-env code - function","    case 'node':","        break;","    }","","","","    // run shared js-env code - post-init","    (function () {","        return;","    }());","    switch (local.modeJs) {","","","","    // run browser js-env code - post-init","    case 'browser':","        local.testCase_browser_nullCase = local.testCase_browser_nullCase || function (","            options,","            onError","        ) {","        /*","         * this function will test browsers's null-case handling-behavior-behavior","         */","            onError(null, options);","        };","","        // run tests","        local.nop(local.modeTest &&","            document.querySelector('#testRunButton1') &&","            document.querySelector('#testRunButton1').click());","        break;","","","","    // run node js-env code - post-init","    /* istanbul ignore next */","    case 'node':","        local.testCase_buildApidoc_default = local.testCase_buildApidoc_default || function (","            options,","            onError","        ) {","        /*","         * this function will test buildApidoc's default handling-behavior-behavior","         */","            options = { modulePathList: module.paths };","            local.buildApidoc(options, onError);","        };","","        local.testCase_buildApp_default = local.testCase_buildApp_default || function (","            options,","            onError","        ) {","        /*","         * this function will test buildApp's default handling-behavior-behavior","         */","            local.testCase_buildReadme_default(options, local.onErrorThrow);","            local.testCase_buildLib_default(options, local.onErrorThrow);","            local.testCase_buildTest_default(options, local.onErrorThrow);","            local.testCase_buildCustomOrg_default(options, local.onErrorThrow);","            options = [];","            local.buildApp(options, onError);","        };","","        local.testCase_buildCustomOrg_default = local.testCase_buildCustomOrg_default ||","            function (options, onError) {","            /*","             * this function will test buildCustomOrg's default handling-behavior","             */","                options = {};","                local.buildCustomOrg(options, onError);","            };","","        local.testCase_buildLib_default = local.testCase_buildLib_default || function (","            options,","            onError","        ) {","        /*","         * this function will test buildLib's default handling-behavior","         */","            options = {};","            local.buildLib(options, onError);","        };","","        local.testCase_buildReadme_default = local.testCase_buildReadme_default || function (","            options,","            onError","        ) {","        /*","         * this function will test buildReadme's default handling-behavior-behavior","         */","            options = {};","            local.buildReadme(options, onError);","        };","","        local.testCase_buildTest_default = local.testCase_buildTest_default || function (","            options,","            onError","        ) {","        /*","         * this function will test buildTest's default handling-behavior","         */","            options = {};","            local.buildTest(options, onError);","        };","","        local.testCase_webpage_default = local.testCase_webpage_default || function (","            options,","            onError","        ) {","        /*","         * this function will test webpage's default handling-behavior","         */","            options = { modeCoverageMerge: true, url: local.serverLocalHost + '?modeTest=1' };","            local.browserTest(options, onError);","        };","","        // run test-server","        local.testRunServer(local);","        break;","    }","}());",""],"l":{"12":2,"14":2,"19":2,"21":2,"23":2,"24":2,"25":2,"30":1,"37":2,"40":2,"43":1,"47":1,"50":1,"52":1,"55":2,"61":2,"62":2,"64":2,"70":1,"76":1,"82":2,"83":2,"85":2,"91":1,"98":1,"102":1,"105":1,"112":1,"119":1,"120":1,"123":1,"130":1,"131":1,"132":1,"133":1,"134":1,"135":1,"138":1,"143":2,"144":2,"147":1,"154":2,"155":2,"158":1,"165":2,"166":2,"169":1,"176":2,"177":2,"180":1,"187":1,"188":1,"192":1,"193":1}},"/home/travis/build/npmtest/node-npmtest-custom-react-scripts/lib.npmtest_custom_react_scripts.js":{"path":"/home/travis/build/npmtest/node-npmtest-custom-react-scripts/lib.npmtest_custom_react_scripts.js","s":{"1":2,"2":2,"3":2,"4":2,"5":2,"6":2,"7":2,"8":1,"9":2,"10":2,"11":2,"12":2,"13":1,"14":1,"15":1,"16":1},"b":{"1":[2,1,1,1],"2":[1,1,1,1],"3":[1,1],"4":[2,2],"5":[1,1]},"f":{"1":2,"2":2,"3":2},"fnMap":{"1":{"name":"(anonymous_1)","line":12,"loc":{"start":{"line":12,"column":1},"end":{"line":12,"column":13}}},"2":{"name":"(anonymous_2)","line":19,"loc":{"start":{"line":19,"column":5},"end":{"line":19,"column":17}}},"3":{"name":"(anonymous_3)","line":23,"loc":{"start":{"line":23,"column":24},"end":{"line":23,"column":36}}}},"statementMap":{"1":{"start":{"line":12,"column":0},"end":{"line":53,"column":5}},"2":{"start":{"line":14,"column":4},"end":{"line":14,"column":14}},"3":{"start":{"line":19,"column":4},"end":{"line":52,"column":9}},"4":{"start":{"line":21,"column":8},"end":{"line":21,"column":19}},"5":{"start":{"line":23,"column":8},"end":{"line":35,"column":13}},"6":{"start":{"line":24,"column":12},"end":{"line":34,"column":13}},"7":{"start":{"line":25,"column":16},"end":{"line":28,"column":30}},"8":{"start":{"line":30,"column":16},"end":{"line":33,"column":27}},"9":{"start":{"line":37,"column":8},"end":{"line":39,"column":21}},"10":{"start":{"line":41,"column":8},"end":{"line":41,"column":54}},"11":{"start":{"line":43,"column":8},"end":{"line":43,"column":65}},"12":{"start":{"line":45,"column":8},"end":{"line":51,"column":9}},"13":{"start":{"line":46,"column":12},"end":{"line":46,"column":71}},"14":{"start":{"line":48,"column":12},"end":{"line":48,"column":35}},"15":{"start":{"line":49,"column":12},"end":{"line":49,"column":49}},"16":{"start":{"line":50,"column":12},"end":{"line":50,"column":43}}},"branchMap":{"1":{"line":25,"type":"binary-expr","locations":[{"start":{"line":25,"column":23},"end":{"line":25,"column":62}},{"start":{"line":26,"column":20},"end":{"line":26,"column":70}},{"start":{"line":27,"column":20},"end":{"line":27,"column":71}},{"start":{"line":28,"column":20},"end":{"line":28,"column":29}}]},"2":{"line":30,"type":"binary-expr","locations":[{"start":{"line":30,"column":23},"end":{"line":30,"column":37}},{"start":{"line":31,"column":20},"end":{"line":31,"column":61}},{"start":{"line":32,"column":20},"end":{"line":32,"column":70}},{"start":{"line":33,"column":20},"end":{"line":33,"column":26}}]},"3":{"line":37,"type":"cond-expr","locations":[{"start":{"line":38,"column":14},"end":{"line":38,"column":20}},{"start":{"line":39,"column":14},"end":{"line":39,"column":20}}]},"4":{"line":41,"type":"binary-expr","locations":[{"start":{"line":41,"column":16},"end":{"line":41,"column":44}},{"start":{"line":41,"column":48},"end":{"line":41,"column":53}}]},"5":{"line":45,"type":"if","locations":[{"start":{"line":45,"column":8},"end":{"line":45,"column":8}},{"start":{"line":45,"column":8},"end":{"line":45,"column":8}}]}},"code":["/* istanbul instrument in package npmtest_custom_react_scripts */","/*jslint","    bitwise: true,","    browser: true,","    maxerr: 8,","    maxlen: 96,","    node: true,","    nomen: true,","    regexp: true,","    stupid: true","*/","(function () {","    'use strict';","    var local;","","","","    // run shared js-env code - pre-init","    (function () {","        // init local","        local = {};","        // init modeJs","        local.modeJs = (function () {","            try {","                return typeof navigator.userAgent === 'string' &&","                    typeof document.querySelector('body') === 'object' &&","                    typeof XMLHttpRequest.prototype.open === 'function' &&","                    'browser';","            } catch (errorCaughtBrowser) {","                return module.exports &&","                    typeof process.versions.node === 'string' &&","                    typeof require('http').createServer === 'function' &&","                    'node';","            }","        }());","        // init global","        local.global = local.modeJs === 'browser'","            ? window","            : global;","        // init utility2_rollup","        local = local.global.utility2_rollup || local;","        // init lib","        local.local = local.npmtest_custom_react_scripts = local;","        // init exports","        if (local.modeJs === 'browser') {","            local.global.utility2_npmtest_custom_react_scripts = local;","        } else {","            module.exports = local;","            module.exports.__dirname = __dirname;","            module.exports.module = module;","        }","    }());","}());",""],"l":{"12":2,"14":2,"19":2,"21":2,"23":2,"24":2,"25":2,"30":1,"37":2,"41":2,"43":2,"45":2,"46":1,"48":1,"49":1,"50":1}},"/home/travis/build/npmtest/node-npmtest-custom-react-scripts/example.js":{"path":"/home/travis/build/npmtest/node-npmtest-custom-react-scripts/example.js","s":{"1":2,"2":2,"3":2,"4":2,"5":2,"6":2,"7":2,"8":1,"9":2,"10":2,"11":2,"12":2,"13":1,"14":2,"15":2,"16":2,"17":2,"18":2,"19":0,"20":2,"21":1,"22":1,"23":1,"24":1,"25":1,"26":0,"27":0,"28":1,"29":1,"30":2,"31":0,"32":0,"33":0,"34":1,"35":2,"36":2,"37":3,"38":3,"39":3,"40":3,"41":0,"42":3,"43":3,"44":3,"45":1,"46":3,"47":1,"48":1,"49":1,"50":1,"51":1,"52":1,"53":1,"54":1,"55":1,"56":1,"57":0,"58":1,"59":6,"60":6,"61":1,"62":2,"63":0,"64":2,"65":1,"66":1,"67":0,"68":0,"69":0,"70":0,"71":0,"72":0,"73":0,"74":0,"75":0,"76":0,"77":0,"78":0,"79":0,"80":0,"81":0,"82":0,"83":0},"b":{"1":[2,1,1,1],"2":[1,1,1,1],"3":[1,1],"4":[2,2],"5":[1,1],"6":[1,1],"7":[2,0],"8":[2,1,1,1,1,1],"9":[0,2,0],"10":[1,1],"11":[2,1,1],"12":[1,0],"13":[0,2],"14":[2,0,0,0,0,0,0],"15":[0,3],"16":[3,0],"17":[1,1],"18":[0,1],"19":[1,2,0,2],"20":[1,0],"21":[1,1],"22":[0,0],"23":[0,0],"24":[0,0],"25":[0,0],"26":[0,0],"27":[0,0],"28":[0,0]},"f":{"1":2,"2":2,"3":2,"4":2,"5":2,"6":2,"7":3,"8":3,"9":3,"10":1,"11":6,"12":0},"fnMap":{"1":{"name":"(anonymous_1)","line":26,"loc":{"start":{"line":26,"column":1},"end":{"line":26,"column":13}}},"2":{"name":"(anonymous_2)","line":33,"loc":{"start":{"line":33,"column":5},"end":{"line":33,"column":17}}},"3":{"name":"(anonymous_3)","line":37,"loc":{"start":{"line":37,"column":24},"end":{"line":37,"column":36}}},"4":{"name":"(anonymous_4)","line":69,"loc":{"start":{"line":69,"column":31},"end":{"line":69,"column":48}},"skip":true},"5":{"name":"(anonymous_5)","line":78,"loc":{"start":{"line":78,"column":26},"end":{"line":78,"column":45}},"skip":true},"6":{"name":"(anonymous_6)","line":123,"loc":{"start":{"line":123,"column":33},"end":{"line":123,"column":48}},"skip":true},"7":{"name":"(anonymous_7)","line":125,"loc":{"start":{"line":125,"column":27},"end":{"line":125,"column":39}},"skip":true},"8":{"name":"(anonymous_8)","line":133,"loc":{"start":{"line":133,"column":59},"end":{"line":133,"column":74}},"skip":true},"9":{"name":"(anonymous_9)","line":143,"loc":{"start":{"line":143,"column":45},"end":{"line":143,"column":62}},"skip":true},"10":{"name":"(anonymous_10)","line":144,"loc":{"start":{"line":144,"column":73},"end":{"line":144,"column":92}},"skip":true},"11":{"name":"(anonymous_11)","line":272,"loc":{"start":{"line":272,"column":51},"end":{"line":272,"column":77}},"skip":true},"12":{"name":"(anonymous_12)","line":315,"loc":{"start":{"line":315,"column":32},"end":{"line":315,"column":61}},"skip":true}},"statementMap":{"1":{"start":{"line":26,"column":0},"end":{"line":326,"column":5}},"2":{"start":{"line":28,"column":4},"end":{"line":28,"column":14}},"3":{"start":{"line":33,"column":4},"end":{"line":60,"column":9}},"4":{"start":{"line":35,"column":8},"end":{"line":35,"column":19}},"5":{"start":{"line":37,"column":8},"end":{"line":49,"column":13}},"6":{"start":{"line":38,"column":12},"end":{"line":48,"column":13}},"7":{"start":{"line":39,"column":16},"end":{"line":42,"column":30}},"8":{"start":{"line":44,"column":16},"end":{"line":47,"column":27}},"9":{"start":{"line":51,"column":8},"end":{"line":53,"column":21}},"10":{"start":{"line":55,"column":8},"end":{"line":57,"column":45}},"11":{"start":{"line":59,"column":8},"end":{"line":59,"column":35}},"12":{"start":{"line":61,"column":4},"end":{"line":325,"column":5}},"13":{"start":{"line":69,"column":8},"end":{"line":121,"column":10},"skip":true},"14":{"start":{"line":70,"column":12},"end":{"line":88,"column":13},"skip":true},"15":{"start":{"line":76,"column":16},"end":{"line":87,"column":19},"skip":true},"16":{"start":{"line":79,"column":20},"end":{"line":86,"column":21},"skip":true},"17":{"start":{"line":82,"column":24},"end":{"line":82,"column":43},"skip":true},"18":{"start":{"line":83,"column":24},"end":{"line":83,"column":30},"skip":true},"19":{"start":{"line":85,"column":24},"end":{"line":85,"column":49},"skip":true},"20":{"start":{"line":89,"column":12},"end":{"line":107,"column":13},"skip":true},"21":{"start":{"line":92,"column":16},"end":{"line":102,"column":17},"skip":true},"22":{"start":{"line":93,"column":20},"end":{"line":93,"column":86},"skip":true},"23":{"start":{"line":94,"column":20},"end":{"line":95,"column":45},"skip":true},"24":{"start":{"line":96,"column":20},"end":{"line":96,"column":42},"skip":true},"25":{"start":{"line":97,"column":20},"end":{"line":97,"column":48},"skip":true},"26":{"start":{"line":100,"column":20},"end":{"line":100,"column":85},"skip":true},"27":{"start":{"line":101,"column":20},"end":{"line":101,"column":96},"skip":true},"28":{"start":{"line":103,"column":16},"end":{"line":103,"column":22},"skip":true},"29":{"start":{"line":106,"column":16},"end":{"line":106,"column":22},"skip":true},"30":{"start":{"line":108,"column":12},"end":{"line":120,"column":13},"skip":true},"31":{"start":{"line":114,"column":16},"end":{"line":119,"column":17},"skip":true},"32":{"start":{"line":116,"column":20},"end":{"line":116,"column":78},"skip":true},"33":{"start":{"line":118,"column":20},"end":{"line":118,"column":47},"skip":true},"34":{"start":{"line":123,"column":8},"end":{"line":141,"column":11},"skip":true},"35":{"start":{"line":124,"column":12},"end":{"line":124,"column":54},"skip":true},"36":{"start":{"line":125,"column":12},"end":{"line":140,"column":14},"skip":true},"37":{"start":{"line":126,"column":16},"end":{"line":126,"column":28},"skip":true},"38":{"start":{"line":127,"column":16},"end":{"line":127,"column":69},"skip":true},"39":{"start":{"line":128,"column":16},"end":{"line":128,"column":75},"skip":true},"40":{"start":{"line":129,"column":16},"end":{"line":131,"column":17},"skip":true},"41":{"start":{"line":130,"column":20},"end":{"line":130,"column":27},"skip":true},"42":{"start":{"line":133,"column":16},"end":{"line":137,"column":36},"skip":true},"43":{"start":{"line":134,"column":20},"end":{"line":136,"column":55},"skip":true},"44":{"start":{"line":139,"column":16},"end":{"line":139,"column":57},"skip":true},"45":{"start":{"line":143,"column":8},"end":{"line":147,"column":11},"skip":true},"46":{"start":{"line":144,"column":12},"end":{"line":146,"column":15},"skip":true},"47":{"start":{"line":145,"column":16},"end":{"line":145,"column":70},"skip":true},"48":{"start":{"line":149,"column":8},"end":{"line":149,"column":31},"skip":true},"49":{"start":{"line":150,"column":8},"end":{"line":150,"column":14},"skip":true},"50":{"start":{"line":158,"column":8},"end":{"line":158,"column":31},"skip":true},"51":{"start":{"line":160,"column":8},"end":{"line":160,"column":33},"skip":true},"52":{"start":{"line":161,"column":8},"end":{"line":161,"column":37},"skip":true},"53":{"start":{"line":162,"column":8},"end":{"line":162,"column":35},"skip":true},"54":{"start":{"line":164,"column":8},"end":{"line":164,"column":50},"skip":true},"55":{"start":{"line":166,"column":8},"end":{"line":256,"column":2},"skip":true},"56":{"start":{"line":258,"column":8},"end":{"line":286,"column":9},"skip":true},"57":{"start":{"line":259,"column":12},"end":{"line":269,"column":14},"skip":true},"58":{"start":{"line":271,"column":12},"end":{"line":285,"column":19},"skip":true},"59":{"start":{"line":274,"column":20},"end":{"line":274,"column":35},"skip":true},"60":{"start":{"line":275,"column":20},"end":{"line":284,"column":21},"skip":true},"61":{"start":{"line":277,"column":24},"end":{"line":277,"column":64},"skip":true},"62":{"start":{"line":279,"column":24},"end":{"line":279,"column":40},"skip":true},"63":{"start":{"line":281,"column":24},"end":{"line":281,"column":40},"skip":true},"64":{"start":{"line":283,"column":24},"end":{"line":283,"column":39},"skip":true},"65":{"start":{"line":288,"column":8},"end":{"line":290,"column":9},"skip":true},"66":{"start":{"line":289,"column":12},"end":{"line":289,"column":18},"skip":true},"67":{"start":{"line":291,"column":8},"end":{"line":293,"column":54},"skip":true},"68":{"start":{"line":296,"column":8},"end":{"line":301,"column":37},"skip":true},"69":{"start":{"line":303,"column":8},"end":{"line":303,"column":82},"skip":true},"70":{"start":{"line":306,"column":8},"end":{"line":308,"column":9},"skip":true},"71":{"start":{"line":307,"column":12},"end":{"line":307,"column":82},"skip":true},"72":{"start":{"line":310,"column":8},"end":{"line":312,"column":9},"skip":true},"73":{"start":{"line":311,"column":12},"end":{"line":311,"column":18},"skip":true},"74":{"start":{"line":313,"column":8},"end":{"line":313,"column":54},"skip":true},"75":{"start":{"line":314,"column":8},"end":{"line":314,"column":69},"skip":true},"76":{"start":{"line":315,"column":8},"end":{"line":323,"column":36},"skip":true},"77":{"start":{"line":316,"column":12},"end":{"line":316,"column":61},"skip":true},"78":{"start":{"line":317,"column":12},"end":{"line":320,"column":13},"skip":true},"79":{"start":{"line":318,"column":16},"end":{"line":318,"column":75},"skip":true},"80":{"start":{"line":319,"column":16},"end":{"line":319,"column":23},"skip":true},"81":{"start":{"line":321,"column":12},"end":{"line":321,"column":38},"skip":true},"82":{"start":{"line":322,"column":12},"end":{"line":322,"column":27},"skip":true},"83":{"start":{"line":324,"column":8},"end":{"line":324,"column":14},"skip":true}},"branchMap":{"1":{"line":39,"type":"binary-expr","locations":[{"start":{"line":39,"column":23},"end":{"line":39,"column":62}},{"start":{"line":40,"column":20},"end":{"line":40,"column":70}},{"start":{"line":41,"column":20},"end":{"line":41,"column":71}},{"start":{"line":42,"column":20},"end":{"line":42,"column":29}}]},"2":{"line":44,"type":"binary-expr","locations":[{"start":{"line":44,"column":23},"end":{"line":44,"column":37}},{"start":{"line":45,"column":20},"end":{"line":45,"column":61}},{"start":{"line":46,"column":20},"end":{"line":46,"column":70}},{"start":{"line":47,"column":20},"end":{"line":47,"column":26}}]},"3":{"line":51,"type":"cond-expr","locations":[{"start":{"line":52,"column":14},"end":{"line":52,"column":20}},{"start":{"line":53,"column":14},"end":{"line":53,"column":20}}]},"4":{"line":55,"type":"binary-expr","locations":[{"start":{"line":55,"column":16},"end":{"line":55,"column":44}},{"start":{"line":55,"column":49},"end":{"line":57,"column":43}}]},"5":{"line":55,"type":"cond-expr","locations":[{"start":{"line":56,"column":14},"end":{"line":56,"column":64}},{"start":{"line":57,"column":14},"end":{"line":57,"column":43}}]},"6":{"line":61,"type":"switch","locations":[{"start":{"line":68,"column":4},"end":{"line":150,"column":14},"skip":true},{"start":{"line":156,"column":4},"end":{"line":324,"column":14},"skip":true}]},"7":{"line":70,"type":"if","locations":[{"start":{"line":70,"column":12},"end":{"line":70,"column":12},"skip":true},{"start":{"line":70,"column":12},"end":{"line":70,"column":12},"skip":true}]},"8":{"line":70,"type":"binary-expr","locations":[{"start":{"line":70,"column":16},"end":{"line":70,"column":22},"skip":true},{"start":{"line":70,"column":27},"end":{"line":70,"column":32},"skip":true},{"start":{"line":71,"column":20},"end":{"line":71,"column":39},"skip":true},{"start":{"line":72,"column":20},"end":{"line":72,"column":49},"skip":true},{"start":{"line":73,"column":20},"end":{"line":73,"column":58},"skip":true},{"start":{"line":74,"column":20},"end":{"line":74,"column":69},"skip":true}]},"9":{"line":79,"type":"switch","locations":[{"start":{"line":80,"column":20},"end":{"line":80,"column":33},"skip":true},{"start":{"line":81,"column":20},"end":{"line":83,"column":30},"skip":true},{"start":{"line":84,"column":20},"end":{"line":85,"column":49},"skip":true}]},"10":{"line":89,"type":"switch","locations":[{"start":{"line":90,"column":12},"end":{"line":103,"column":22},"skip":true},{"start":{"line":105,"column":12},"end":{"line":106,"column":22},"skip":true}]},"11":{"line":89,"type":"binary-expr","locations":[{"start":{"line":89,"column":20},"end":{"line":89,"column":25},"skip":true},{"start":{"line":89,"column":29},"end":{"line":89,"column":48},"skip":true},{"start":{"line":89,"column":52},"end":{"line":89,"column":74},"skip":true}]},"12":{"line":92,"type":"if","locations":[{"start":{"line":92,"column":16},"end":{"line":92,"column":16},"skip":true},{"start":{"line":92,"column":16},"end":{"line":92,"column":16},"skip":true}]},"13":{"line":108,"type":"if","locations":[{"start":{"line":108,"column":12},"end":{"line":108,"column":12},"skip":true},{"start":{"line":108,"column":12},"end":{"line":108,"column":12},"skip":true}]},"14":{"line":108,"type":"binary-expr","locations":[{"start":{"line":108,"column":16},"end":{"line":108,"column":61},"skip":true},{"start":{"line":108,"column":66},"end":{"line":108,"column":72},"skip":true},{"start":{"line":108,"column":77},"end":{"line":108,"column":82},"skip":true},{"start":{"line":109,"column":20},"end":{"line":109,"column":39},"skip":true},{"start":{"line":110,"column":20},"end":{"line":110,"column":49},"skip":true},{"start":{"line":111,"column":20},"end":{"line":111,"column":58},"skip":true},{"start":{"line":112,"column":20},"end":{"line":112,"column":68},"skip":true}]},"15":{"line":129,"type":"if","locations":[{"start":{"line":129,"column":16},"end":{"line":129,"column":16},"skip":true},{"start":{"line":129,"column":16},"end":{"line":129,"column":16},"skip":true}]},"16":{"line":134,"type":"cond-expr","locations":[{"start":{"line":135,"column":26},"end":{"line":135,"column":29},"skip":true},{"start":{"line":136,"column":26},"end":{"line":136,"column":54},"skip":true}]},"17":{"line":164,"type":"binary-expr","locations":[{"start":{"line":164,"column":27},"end":{"line":164,"column":43},"skip":true},{"start":{"line":164,"column":47},"end":{"line":164,"column":49},"skip":true}]},"18":{"line":258,"type":"if","locations":[{"start":{"line":258,"column":8},"end":{"line":258,"column":8},"skip":true},{"start":{"line":258,"column":8},"end":{"line":258,"column":8},"skip":true}]},"19":{"line":275,"type":"switch","locations":[{"start":{"line":276,"column":20},"end":{"line":277,"column":64},"skip":true},{"start":{"line":278,"column":20},"end":{"line":279,"column":40},"skip":true},{"start":{"line":280,"column":20},"end":{"line":281,"column":40},"skip":true},{"start":{"line":282,"column":20},"end":{"line":283,"column":39},"skip":true}]},"20":{"line":288,"type":"if","locations":[{"start":{"line":288,"column":8},"end":{"line":288,"column":8},"skip":true},{"start":{"line":288,"column":8},"end":{"line":288,"column":8},"skip":true}]},"21":{"line":288,"type":"binary-expr","locations":[{"start":{"line":288,"column":12},"end":{"line":288,"column":40},"skip":true},{"start":{"line":288,"column":44},"end":{"line":288,"column":67},"skip":true}]},"22":{"line":292,"type":"binary-expr","locations":[{"start":{"line":292,"column":12},"end":{"line":292,"column":50},"skip":true},{"start":{"line":293,"column":12},"end":{"line":293,"column":53},"skip":true}]},"23":{"line":297,"type":"binary-expr","locations":[{"start":{"line":297,"column":12},"end":{"line":297,"column":78},"skip":true},{"start":{"line":298,"column":12},"end":{"line":301,"column":36},"skip":true}]},"24":{"line":303,"type":"binary-expr","locations":[{"start":{"line":303,"column":43},"end":{"line":303,"column":75},"skip":true},{"start":{"line":303,"column":79},"end":{"line":303,"column":81},"skip":true}]},"25":{"line":306,"type":"if","locations":[{"start":{"line":306,"column":8},"end":{"line":306,"column":8},"skip":true},{"start":{"line":306,"column":8},"end":{"line":306,"column":8},"skip":true}]},"26":{"line":310,"type":"if","locations":[{"start":{"line":310,"column":8},"end":{"line":310,"column":8},"skip":true},{"start":{"line":310,"column":8},"end":{"line":310,"column":8},"skip":true}]},"27":{"line":313,"type":"binary-expr","locations":[{"start":{"line":313,"column":27},"end":{"line":313,"column":43},"skip":true},{"start":{"line":313,"column":47},"end":{"line":313,"column":53},"skip":true}]},"28":{"line":317,"type":"if","locations":[{"start":{"line":317,"column":12},"end":{"line":317,"column":12},"skip":true},{"start":{"line":317,"column":12},"end":{"line":317,"column":12},"skip":true}]}},"code":["/*","example.js","","quickstart example","","instruction","    1. save this script as example.js","    2. run the shell command:","        $ npm install npmtest-custom-react-scripts && PORT=8081 node example.js","    3. play with the browser-demo on http://127.0.0.1:8081","*/","","","","/* istanbul instrument in package npmtest_custom_react_scripts */","/*jslint","    bitwise: true,","    browser: true,","    maxerr: 8,","    maxlen: 96,","    node: true,","    nomen: true,","    regexp: true,","    stupid: true","*/","(function () {","    'use strict';","    var local;","","","","    // run shared js-env code - pre-init","    (function () {","        // init local","        local = {};","        // init modeJs","        local.modeJs = (function () {","            try {","                return typeof navigator.userAgent === 'string' &&","                    typeof document.querySelector('body') === 'object' &&","                    typeof XMLHttpRequest.prototype.open === 'function' &&","                    'browser';","            } catch (errorCaughtBrowser) {","                return module.exports &&","                    typeof process.versions.node === 'string' &&","                    typeof require('http').createServer === 'function' &&","                    'node';","            }","        }());","        // init global","        local.global = local.modeJs === 'browser'","            ? window","            : global;","        // init utility2_rollup","        local = local.global.utility2_rollup || (local.modeJs === 'browser'","            ? local.global.utility2_npmtest_custom_react_scripts","            : global.utility2_moduleExports);","        // export local","        local.global.local = local;","    }());","    switch (local.modeJs) {","","","","    // post-init","    // run browser js-env code - post-init","    /* istanbul ignore next */","    case 'browser':","        local.testRunBrowser = function (event) {","            if (!event || (event &&","                    event.currentTarget &&","                    event.currentTarget.className &&","                    event.currentTarget.className.includes &&","                    event.currentTarget.className.includes('onreset'))) {","                // reset output","                Array.from(","                    document.querySelectorAll('body > .resettable')","                ).forEach(function (element) {","                    switch (element.tagName) {","                    case 'INPUT':","                    case 'TEXTAREA':","                        element.value = '';","                        break;","                    default:","                        element.textContent = '';","                    }","                });","            }","            switch (event && event.currentTarget && event.currentTarget.id) {","            case 'testRunButton1':","                // show tests","                if (document.querySelector('#testReportDiv1').style.display === 'none') {","                    document.querySelector('#testReportDiv1').style.display = 'block';","                    document.querySelector('#testRunButton1').textContent =","                        'hide internal test';","                    local.modeTest = true;","                    local.testRunDefault(local);","                // hide tests","                } else {","                    document.querySelector('#testReportDiv1').style.display = 'none';","                    document.querySelector('#testRunButton1').textContent = 'run internal test';","                }","                break;","            // custom-case","            default:","                break;","            }","            if (document.querySelector('#inputTextareaEval1') && (!event || (event &&","                    event.currentTarget &&","                    event.currentTarget.className &&","                    event.currentTarget.className.includes &&","                    event.currentTarget.className.includes('oneval')))) {","                // try to eval input-code","                try {","                    /*jslint evil: true*/","                    eval(document.querySelector('#inputTextareaEval1').value);","                } catch (errorCaught) {","                    console.error(errorCaught);","                }","            }","        };","        // log stderr and stdout to #outputTextareaStdout1","        ['error', 'log'].forEach(function (key) {","            console[key + '_original'] = console[key];","            console[key] = function () {","                var element;","                console[key + '_original'].apply(console, arguments);","                element = document.querySelector('#outputTextareaStdout1');","                if (!element) {","                    return;","                }","                // append text to #outputTextareaStdout1","                element.value += Array.from(arguments).map(function (arg) {","                    return typeof arg === 'string'","                        ? arg","                        : JSON.stringify(arg, null, 4);","                }).join(' ') + '\\n';","                // scroll textarea to bottom","                element.scrollTop = element.scrollHeight;","            };","        });","        // init event-handling","        ['change', 'click', 'keyup'].forEach(function (event) {","            Array.from(document.querySelectorAll('.on' + event)).forEach(function (element) {","                element.addEventListener(event, local.testRunBrowser);","            });","        });","        // run tests","        local.testRunBrowser();","        break;","","","","    // run node js-env code - post-init","    /* istanbul ignore next */","    case 'node':","        // export local","        module.exports = local;","        // require modules","        local.fs = require('fs');","        local.http = require('http');","        local.url = require('url');","        // init assets","        local.assetsDict = local.assetsDict || {};","        /* jslint-ignore-begin */","        local.assetsDict['/assets.index.template.html'] = '\\","<!doctype html>\\n\\","<html lang=\"en\">\\n\\","<head>\\n\\","<meta charset=\"UTF-8\">\\n\\","<meta name=\"viewport\" content=\"width=device-width, initial-scale=1\">\\n\\","<title>{{env.npm_package_name}} (v{{env.npm_package_version}})</title>\\n\\","<style>\\n\\","/*csslint\\n\\","    box-sizing: false,\\n\\","    universal-selector: false\\n\\","*/\\n\\","* {\\n\\","    box-sizing: border-box;\\n\\","}\\n\\","body {\\n\\","    background: #dde;\\n\\","    font-family: Arial, Helvetica, sans-serif;\\n\\","    margin: 2rem;\\n\\","}\\n\\","body > * {\\n\\","    margin-bottom: 1rem;\\n\\","}\\n\\",".utility2FooterDiv {\\n\\","    margin-top: 20px;\\n\\","    text-align: center;\\n\\","}\\n\\","</style>\\n\\","<style>\\n\\","/*csslint\\n\\","*/\\n\\","textarea {\\n\\","    font-family: monospace;\\n\\","    height: 10rem;\\n\\","    width: 100%;\\n\\","}\\n\\","textarea[readonly] {\\n\\","    background: #ddd;\\n\\","}\\n\\","</style>\\n\\","</head>\\n\\","<body>\\n\\","<!-- utility2-comment\\n\\","<div id=\"ajaxProgressDiv1\" style=\"background: #d00; height: 2px; left: 0; margin: 0; padding: 0; position: fixed; top: 0; transition: background 0.5s, width 1.5s; width: 25%;\"></div>\\n\\","utility2-comment -->\\n\\","<h1>\\n\\","<!-- utility2-comment\\n\\","    <a\\n\\","        {{#if env.npm_package_homepage}}\\n\\","        href=\"{{env.npm_package_homepage}}\"\\n\\","        {{/if env.npm_package_homepage}}\\n\\","        target=\"_blank\"\\n\\","    >\\n\\","utility2-comment -->\\n\\","        {{env.npm_package_name}} (v{{env.npm_package_version}})\\n\\","<!-- utility2-comment\\n\\","    </a>\\n\\","utility2-comment -->\\n\\","</h1>\\n\\","<h3>{{env.npm_package_description}}</h3>\\n\\","<!-- utility2-comment\\n\\","<h4><a download href=\"assets.app.js\">download standalone app</a></h4>\\n\\","<button class=\"onclick onreset\" id=\"testRunButton1\">run internal test</button><br>\\n\\","<div id=\"testReportDiv1\" style=\"display: none;\"></div>\\n\\","utility2-comment -->\\n\\","\\n\\","\\n\\","\\n\\","<label>stderr and stdout</label>\\n\\","<textarea class=\"resettable\" id=\"outputTextareaStdout1\" readonly></textarea>\\n\\","<!-- utility2-comment\\n\\","{{#if isRollup}}\\n\\","<script src=\"assets.app.js\"></script>\\n\\","{{#unless isRollup}}\\n\\","utility2-comment -->\\n\\","<script src=\"assets.utility2.rollup.js\"></script>\\n\\","<script src=\"jsonp.utility2._stateInit?callback=window.utility2._stateInit\"></script>\\n\\","<script src=\"assets.npmtest_custom_react_scripts.rollup.js\"></script>\\n\\","<script src=\"assets.example.js\"></script>\\n\\","<script src=\"assets.test.js\"></script>\\n\\","<!-- utility2-comment\\n\\","{{/if isRollup}}\\n\\","utility2-comment -->\\n\\","<div class=\"utility2FooterDiv\">\\n\\","    [ this app was created with\\n\\","    <a href=\"https://github.com/kaizhu256/node-utility2\" target=\"_blank\">utility2</a>\\n\\","    ]\\n\\","</div>\\n\\","</body>\\n\\","</html>\\n\\","';","        /* jslint-ignore-end */","        if (local.templateRender) {","            local.assetsDict['/'] = local.templateRender(","                local.assetsDict['/assets.index.template.html'],","                {","                    env: local.objectSetDefault(local.env, {","                        npm_package_description: 'the greatest app in the world!',","                        npm_package_name: 'my-app',","                        npm_package_nameAlias: 'my_app',","                        npm_package_version: '0.0.1'","                    })","                }","            );","        } else {","            local.assetsDict['/'] = local.assetsDict['/assets.index.template.html']","                .replace((/\\{\\{env\\.(\\w+?)\\}\\}/g), function (match0, match1) {","                    // jslint-hack","                    String(match0);","                    switch (match1) {","                    case 'npm_package_description':","                        return 'the greatest app in the world!';","                    case 'npm_package_name':","                        return 'my-app';","                    case 'npm_package_nameAlias':","                        return 'my_app';","                    case 'npm_package_version':","                        return '0.0.1';","                    }","                });","        }","        // run the cli","        if (local.global.utility2_rollup || module !== require.main) {","            break;","        }","        local.assetsDict['/assets.example.js'] =","            local.assetsDict['/assets.example.js'] ||","            local.fs.readFileSync(__filename, 'utf8');","        // bug-workaround - long $npm_package_buildCustomOrg","        /* jslint-ignore-begin */","        local.assetsDict['/assets.npmtest_custom_react_scripts.rollup.js'] =","            local.assetsDict['/assets.npmtest_custom_react_scripts.rollup.js'] ||","            local.fs.readFileSync(","                local.npmtest_custom_react_scripts.__dirname + '/lib.npmtest_custom_react_scripts.js',","                'utf8'","            ).replace((/^#!/), '//');","        /* jslint-ignore-end */","        local.assetsDict['/favicon.ico'] = local.assetsDict['/favicon.ico'] || '';","        // if $npm_config_timeout_exit exists,","        // then exit this process after $npm_config_timeout_exit ms","        if (Number(process.env.npm_config_timeout_exit)) {","            setTimeout(process.exit, Number(process.env.npm_config_timeout_exit));","        }","        // start server","        if (local.global.utility2_serverHttp1) {","            break;","        }","        process.env.PORT = process.env.PORT || '8081';","        console.error('server starting on port ' + process.env.PORT);","        local.http.createServer(function (request, response) {","            request.urlParsed = local.url.parse(request.url);","            if (local.assetsDict[request.urlParsed.pathname] !== undefined) {","                response.end(local.assetsDict[request.urlParsed.pathname]);","                return;","            }","            response.statusCode = 404;","            response.end();","        }).listen(process.env.PORT);","        break;","    }","}());",""],"l":{"26":2,"28":2,"33":2,"35":2,"37":2,"38":2,"39":2,"44":1,"51":2,"55":2,"59":2,"61":2,"69":1,"70":2,"76":2,"79":2,"82":2,"83":2,"85":1,"89":2,"92":1,"93":1,"94":1,"96":1,"97":1,"100":1,"101":1,"103":1,"106":1,"108":2,"114":1,"116":1,"118":1,"123":1,"124":2,"125":2,"126":3,"127":3,"128":3,"129":3,"130":1,"133":3,"134":3,"139":3,"143":1,"144":3,"145":1,"149":1,"150":1,"158":1,"160":1,"161":1,"162":1,"164":1,"166":1,"258":1,"259":1,"271":1,"274":6,"275":6,"277":1,"279":2,"281":1,"283":2,"288":1,"289":1,"291":1,"296":1,"303":1,"306":1,"307":1,"310":1,"311":1,"313":1,"314":1,"315":1,"316":1,"317":1,"318":1,"319":1,"321":1,"322":1,"324":1}},"/home/travis/build/npmtest/node-npmtest-custom-react-scripts/node_modules/custom-react-scripts/config/customizers.js":{"path":"/home/travis/build/npmtest/node-npmtest-custom-react-scripts/node_modules/custom-react-scripts/config/customizers.js","s":{"1":1,"2":1,"3":0,"4":0,"5":0,"6":0,"7":0,"8":0,"9":0,"10":0},"b":{},"f":{"1":0,"2":0,"3":0,"4":0,"5":0,"6":0,"7":0,"8":0},"fnMap":{"1":{"name":"(anonymous_1)","line":6,"loc":{"start":{"line":6,"column":12},"end":{"line":6,"column":24}}},"2":{"name":"(anonymous_2)","line":12,"loc":{"start":{"line":12,"column":12},"end":{"line":12,"column":24}}},"3":{"name":"(anonymous_3)","line":19,"loc":{"start":{"line":19,"column":12},"end":{"line":19,"column":24}}},"4":{"name":"(anonymous_4)","line":25,"loc":{"start":{"line":25,"column":13},"end":{"line":25,"column":25}}},"5":{"name":"(anonymous_5)","line":35,"loc":{"start":{"line":35,"column":12},"end":{"line":35,"column":24}}},"6":{"name":"(anonymous_6)","line":41,"loc":{"start":{"line":41,"column":13},"end":{"line":41,"column":25}}},"7":{"name":"(anonymous_7)","line":51,"loc":{"start":{"line":51,"column":12},"end":{"line":51,"column":24}}},"8":{"name":"(anonymous_8)","line":57,"loc":{"start":{"line":57,"column":13},"end":{"line":57,"column":25}}}},"statementMap":{"1":{"start":{"line":1,"column":0},"end":{"line":1,"column":63}},"2":{"start":{"line":3,"column":0},"end":{"line":70,"column":1}},"3":{"start":{"line":7,"column":6},"end":{"line":7,"column":52}},"4":{"start":{"line":13,"column":6},"end":{"line":13,"column":72}},"5":{"start":{"line":20,"column":6},"end":{"line":23,"column":7}},"6":{"start":{"line":26,"column":6},"end":{"line":29,"column":7}},"7":{"start":{"line":36,"column":6},"end":{"line":39,"column":7}},"8":{"start":{"line":42,"column":6},"end":{"line":45,"column":7}},"9":{"start":{"line":52,"column":6},"end":{"line":55,"column":7}},"10":{"start":{"line":58,"column":6},"end":{"line":61,"column":7}}},"branchMap":{},"code":["var ExtractTextPlugin = require('extract-text-webpack-plugin');","","module.exports = {","  'BABEL_STAGE_0': {","    toArray: 'presets',","    getDev: function () {","      return require.resolve('babel-preset-stage-0')","    }","  },","  'DECORATORS': {","    toArray: 'babelPlugins',","    getDev: function () {","      return require.resolve('babel-plugin-transform-decorators-legacy')","    }","  },","  'SASS': {","    toArray: 'loaders',","    fileRegex: /\\.(scss|sass)/,","    getDev: function () {","      return {","        test: /(\\.scss|\\.sass)$/,","        loader: \"style!css!postcss!sass\"","      }","    },","    getProd: function () {","      return {","        test: /(\\.scss|\\.sass)$/,","        loader: ExtractTextPlugin.extract('style', 'css!postcss!sass')","      }","    }","  },","  'LESS': {","    toArray: 'loaders',","    fileRegex: /\\.less$/,","    getDev: function () {","      return {","        test: /\\.less$/,","        loader: \"style!css!postcss!less\"","      }","    },","    getProd: function () {","      return {","        test: /\\.less/,","        loader: ExtractTextPlugin.extract('style', 'css!postcss!less')","      }","    }","  },","  'STYLUS': {","    toArray: 'loaders',","    fileRegex: /\\.styl$/,","    getDev: function () {","      return {","        test: /\\.styl/,","        loader: 'style!css!postcss!stylus'","      }","    },","    getProd: function () {","      return {","        test: /\\.styl/,","        loader: ExtractTextPlugin.extract('style', 'css!postcss!stylus')","      }","    }","  },","  'CSS_MODULES': {","    config: {","      dev: 'style!css?modules&camelCase&importLoaders=1&localIdentName=[name]__[local]___[hash:base64:5]!postcss',","      prod: 'style!css?modules&camelCase&-autoprefixer&importLoaders=1!postcss'","    }","  }","}",""],"l":{"1":1,"3":1,"7":0,"13":0,"20":0,"26":0,"36":0,"42":0,"52":0,"58":0}},"/home/travis/build/npmtest/node-npmtest-custom-react-scripts/node_modules/custom-react-scripts/config/env.js":{"path":"/home/travis/build/npmtest/node-npmtest-custom-react-scripts/node_modules/custom-react-scripts/config/env.js","s":{"1":1,"2":1,"3":3,"4":804,"5":0,"6":0,"7":3,"8":1},"b":{"1":[3,0]},"f":{"1":3},"fnMap":{"1":{"name":"getClientEnvironment","line":17,"loc":{"start":{"line":17,"column":0},"end":{"line":17,"column":41}}}},"statementMap":{"1":{"start":{"line":15,"column":0},"end":{"line":15,"column":31}},"2":{"start":{"line":17,"column":0},"end":{"line":37,"column":1}},"3":{"start":{"line":18,"column":2},"end":{"line":35,"column":7}},"4":{"start":{"line":20,"column":19},"end":{"line":20,"column":38}},"5":{"start":{"line":22,"column":6},"end":{"line":22,"column":50}},"6":{"start":{"line":23,"column":6},"end":{"line":23,"column":17}},"7":{"start":{"line":36,"column":2},"end":{"line":36,"column":37}},"8":{"start":{"line":39,"column":0},"end":{"line":39,"column":38}}},"branchMap":{"1":{"line":28,"type":"binary-expr","locations":[{"start":{"line":28,"column":8},"end":{"line":28,"column":28}},{"start":{"line":28,"column":32},"end":{"line":28,"column":45}}]}},"code":["// @remove-on-eject-begin","/**"," * Copyright (c) 2015-present, Facebook, Inc."," * All rights reserved."," *"," * This source code is licensed under the BSD-style license found in the"," * LICENSE file in the root directory of this source tree. An additional grant"," * of patent rights can be found in the PATENTS file in the same directory."," */","// @remove-on-eject-end","","// Grab NODE_ENV and REACT_APP_* environment variables and prepare them to be","// injected into the application via DefinePlugin in Webpack configuration.","","var REACT_APP = /^REACT_APP_/i;","","function getClientEnvironment(publicUrl) {","  var processEnv = Object","    .keys(process.env)","    .filter(key => REACT_APP.test(key))","    .reduce((env, key) => {","      env[key] = JSON.stringify(process.env[key]);","      return env;","    }, {","      // Useful for determining whether we’re running in production mode.","      // Most importantly, it switches React into the correct mode.","      'NODE_ENV': JSON.stringify(","        process.env.NODE_ENV || 'development'","      ),","      // Useful for resolving the correct path to static assets in `public`.","      // For example, <img src={process.env.PUBLIC_URL + '/img/logo.png'} />.","      // This should only be used as an escape hatch. Normally you would put","      // images into the `src` and `import` them in code to get their paths.","      'PUBLIC_URL': JSON.stringify(publicUrl)","    });","  return {'process.env': processEnv};","}","","module.exports = getClientEnvironment;",""],"l":{"15":1,"17":1,"18":3,"20":804,"22":0,"23":0,"36":3,"39":1}},"/home/travis/build/npmtest/node-npmtest-custom-react-scripts/node_modules/custom-react-scripts/config/get-custom-config.js":{"path":"/home/travis/build/npmtest/node-npmtest-custom-react-scripts/node_modules/custom-react-scripts/config/get-custom-config.js","s":{"1":1,"2":1,"3":3,"4":3,"5":3,"6":18,"7":18,"8":0,"9":18,"10":18,"11":0,"12":0,"13":0,"14":0,"15":0,"16":0,"17":18,"18":3,"19":1},"b":{"1":[3,1],"2":[3,3],"3":[0,18],"4":[18,0],"5":[0,18],"6":[18,18,0],"7":[0,0],"8":[0,0],"9":[0,0],"10":[0,0],"11":[0,0]},"f":{"1":3,"2":18},"fnMap":{"1":{"name":"getCustomConfig","line":3,"loc":{"start":{"line":3,"column":0},"end":{"line":3,"column":31}}},"2":{"name":"(anonymous_2)","line":8,"loc":{"start":{"line":8,"column":12},"end":{"line":8,"column":50}}}},"statementMap":{"1":{"start":{"line":1,"column":0},"end":{"line":1,"column":43}},"2":{"start":{"line":3,"column":0},"end":{"line":36,"column":1}},"3":{"start":{"line":4,"column":2},"end":{"line":4,"column":27}},"4":{"start":{"line":5,"column":2},"end":{"line":5,"column":22}},"5":{"start":{"line":6,"column":2},"end":{"line":33,"column":7}},"6":{"start":{"line":9,"column":6},"end":{"line":9,"column":50}},"7":{"start":{"line":10,"column":6},"end":{"line":12,"column":7}},"8":{"start":{"line":11,"column":8},"end":{"line":11,"column":27}},"9":{"start":{"line":14,"column":6},"end":{"line":14,"column":63}},"10":{"start":{"line":15,"column":6},"end":{"line":24,"column":7}},"11":{"start":{"line":16,"column":8},"end":{"line":19,"column":9}},"12":{"start":{"line":17,"column":10},"end":{"line":17,"column":99}},"13":{"start":{"line":18,"column":10},"end":{"line":18,"column":64}},"14":{"start":{"line":20,"column":8},"end":{"line":22,"column":9}},"15":{"start":{"line":21,"column":10},"end":{"line":21,"column":68}},"16":{"start":{"line":23,"column":8},"end":{"line":23,"column":70}},"17":{"start":{"line":25,"column":6},"end":{"line":25,"column":25}},"18":{"start":{"line":35,"column":2},"end":{"line":35,"column":16}},"19":{"start":{"line":38,"column":0},"end":{"line":38,"column":33}}},"branchMap":{"1":{"line":4,"type":"binary-expr","locations":[{"start":{"line":4,"column":13},"end":{"line":4,"column":17}},{"start":{"line":4,"column":21},"end":{"line":4,"column":26}}]},"2":{"line":5,"type":"binary-expr","locations":[{"start":{"line":5,"column":12},"end":{"line":5,"column":15}},{"start":{"line":5,"column":19},"end":{"line":5,"column":21}}]},"3":{"line":10,"type":"if","locations":[{"start":{"line":10,"column":6},"end":{"line":10,"column":6}},{"start":{"line":10,"column":6},"end":{"line":10,"column":6}}]},"4":{"line":10,"type":"binary-expr","locations":[{"start":{"line":10,"column":10},"end":{"line":10,"column":35}},{"start":{"line":10,"column":39},"end":{"line":10,"column":52}}]},"5":{"line":15,"type":"if","locations":[{"start":{"line":15,"column":6},"end":{"line":15,"column":6}},{"start":{"line":15,"column":6},"end":{"line":15,"column":6}}]},"6":{"line":15,"type":"binary-expr","locations":[{"start":{"line":15,"column":10},"end":{"line":15,"column":13}},{"start":{"line":15,"column":17},"end":{"line":15,"column":25}},{"start":{"line":15,"column":29},"end":{"line":15,"column":49}}]},"7":{"line":16,"type":"if","locations":[{"start":{"line":16,"column":8},"end":{"line":16,"column":8}},{"start":{"line":16,"column":8},"end":{"line":16,"column":8}}]},"8":{"line":17,"type":"binary-expr","locations":[{"start":{"line":17,"column":31},"end":{"line":17,"column":76}},{"start":{"line":17,"column":81},"end":{"line":17,"column":98}}]},"9":{"line":17,"type":"cond-expr","locations":[{"start":{"line":17,"column":38},"end":{"line":17,"column":56}},{"start":{"line":17,"column":59},"end":{"line":17,"column":76}}]},"10":{"line":20,"type":"if","locations":[{"start":{"line":20,"column":8},"end":{"line":20,"column":8}},{"start":{"line":20,"column":8},"end":{"line":20,"column":8}}]},"11":{"line":23,"type":"binary-expr","locations":[{"start":{"line":23,"column":44},"end":{"line":23,"column":61}},{"start":{"line":23,"column":65},"end":{"line":23,"column":69}}]}},"code":["var customizers = require('./customizers');","","function getCustomConfig(prod) {","  var prod = prod || false;","  var env = env || {};","  var result = Object","    .keys(customizers)","    .reduce(function (finalConfig, customizerKey) {","      var customizer = customizers[customizerKey];","      if (customizer.prod === false && prod === true) {","        return finalConfig;","      }","","      var envValue = process.env['REACT_APP_' + customizerKey];","      if (env && envValue && envValue !== 'false') {","        if (customizer.toArray) {","          var getCustomizer = (prod ? customizer.getProd : customizer.getDev) || customizer.getDev;","          finalConfig[customizer.toArray].push(getCustomizer());","        }","        if (customizer.fileRegex) {","          finalConfig.excludedFilesRegex.push(customizer.fileRegex);","        }","        finalConfig.values[customizerKey] = customizer.config || true;","      }","      return finalConfig;","    }, {","      presets: [],","      babelPlugins: [],","      plugins: [],","      loaders: [],","      values: {},","      excludedFilesRegex: []","    });","","  return result;","}","","module.exports = getCustomConfig;"],"l":{"1":1,"3":1,"4":3,"5":3,"6":3,"9":18,"10":18,"11":0,"14":18,"15":18,"16":0,"17":0,"18":0,"20":0,"21":0,"23":0,"25":18,"35":3,"38":1}},"/home/travis/build/npmtest/node-npmtest-custom-react-scripts/node_modules/custom-react-scripts/config/paths.js":{"path":"/home/travis/build/npmtest/node-npmtest-custom-react-scripts/node_modules/custom-react-scripts/config/paths.js","s":{"1":1,"2":1,"3":1,"4":1,"5":19,"6":1,"7":0,"8":1,"9":1,"10":1,"11":1,"12":1,"13":0},"b":{"1":[1,1],"2":[0,1],"3":[0,1]},"f":{"1":19,"2":1},"fnMap":{"1":{"name":"resolveApp","line":18,"loc":{"start":{"line":18,"column":0},"end":{"line":18,"column":34}}},"2":{"name":"resolveOwn","line":59,"loc":{"start":{"line":59,"column":0},"end":{"line":59,"column":34}}}},"statementMap":{"1":{"start":{"line":12,"column":0},"end":{"line":12,"column":27}},"2":{"start":{"line":13,"column":0},"end":{"line":13,"column":23}},"3":{"start":{"line":17,"column":0},"end":{"line":17,"column":50}},"4":{"start":{"line":18,"column":0},"end":{"line":20,"column":1}},"5":{"start":{"line":19,"column":2},"end":{"line":19,"column":50}},"6":{"start":{"line":37,"column":0},"end":{"line":41,"column":19}},"7":{"start":{"line":40,"column":20},"end":{"line":40,"column":44}},"8":{"start":{"line":44,"column":0},"end":{"line":56,"column":2}},"9":{"start":{"line":59,"column":0},"end":{"line":61,"column":1}},"10":{"start":{"line":60,"column":2},"end":{"line":60,"column":47}},"11":{"start":{"line":64,"column":0},"end":{"line":77,"column":2}},"12":{"start":{"line":80,"column":0},"end":{"line":94,"column":1}},"13":{"start":{"line":81,"column":2},"end":{"line":93,"column":4}}},"branchMap":{"1":{"line":37,"type":"binary-expr","locations":[{"start":{"line":37,"column":17},"end":{"line":37,"column":38}},{"start":{"line":37,"column":42},"end":{"line":37,"column":44}}]},"2":{"line":38,"type":"cond-expr","locations":[{"start":{"line":38,"column":40},"end":{"line":38,"column":43}},{"start":{"line":38,"column":46},"end":{"line":38,"column":49}}]},"3":{"line":80,"type":"if","locations":[{"start":{"line":80,"column":0},"end":{"line":80,"column":0}},{"start":{"line":80,"column":0},"end":{"line":80,"column":0}}]}},"code":["// @remove-on-eject-begin","/**"," * Copyright (c) 2015-present, Facebook, Inc."," * All rights reserved."," *"," * This source code is licensed under the BSD-style license found in the"," * LICENSE file in the root directory of this source tree. An additional grant"," * of patent rights can be found in the PATENTS file in the same directory."," */","// @remove-on-eject-end","","var path = require('path');","var fs = require('fs');","","// Make sure any symlinks in the project folder are resolved:","// https://github.com/facebookincubator/create-react-app/issues/637","var appDirectory = fs.realpathSync(process.cwd());","function resolveApp(relativePath) {","  return path.resolve(appDirectory, relativePath);","}","","// We support resolving modules according to `NODE_PATH`.","// This lets you use absolute paths in imports inside large monorepos:","// https://github.com/facebookincubator/create-react-app/issues/253.","","// It works similar to `NODE_PATH` in Node itself:","// https://nodejs.org/api/modules.html#modules_loading_from_the_global_folders","","// We will export `nodePaths` as an array of absolute paths.","// It will then be used by Webpack configs.","// Jest doesn’t need this because it already handles `NODE_PATH` out of the box.","","// Note that unlike in Node, only *relative* paths from `NODE_PATH` are honored.","// Otherwise, we risk importing Node.js core modules into an app instead of Webpack shims.","// https://github.com/facebookincubator/create-react-app/issues/1023#issuecomment-265344421","","var nodePaths = (process.env.NODE_PATH || '')","  .split(process.platform === 'win32' ? ';' : ':')","  .filter(Boolean)","  .filter(folder => !path.isAbsolute(folder))","  .map(resolveApp);","","// config after eject: we're in ./config/","module.exports = {","  appBuild: resolveApp('build'),","  appPublic: resolveApp('public'),","  appHtml: resolveApp('public/index.html'),","  appIndexJs: resolveApp('src/index.js'),","  appPackageJson: resolveApp('package.json'),","  appSrc: resolveApp('src'),","  yarnLockFile: resolveApp('yarn.lock'),","  testsSetup: resolveApp('src/setupTests.js'),","  appNodeModules: resolveApp('node_modules'),","  ownNodeModules: resolveApp('node_modules'),","  nodePaths: nodePaths","};","","// @remove-on-eject-begin","function resolveOwn(relativePath) {","  return path.resolve(__dirname, relativePath);","}","","// config before eject: we're in ./node_modules/react-scripts/config/","module.exports = {","  appBuild: resolveApp('build'),","  appPublic: resolveApp('public'),","  appHtml: resolveApp('public/index.html'),","  appIndexJs: resolveApp('src/index.js'),","  appPackageJson: resolveApp('package.json'),","  appSrc: resolveApp('src'),","  yarnLockFile: resolveApp('yarn.lock'),","  testsSetup: resolveApp('src/setupTests.js'),","  appNodeModules: resolveApp('node_modules'),","  // this is empty with npm3 but node resolution searches higher anyway:","  ownNodeModules: resolveOwn('../node_modules'),","  nodePaths: nodePaths","};","","// config before publish: we're in ./packages/react-scripts/config/","if (__dirname.indexOf(path.join('packages', 'react-scripts', 'config')) !== -1) {","  module.exports = {","    appBuild: resolveOwn('../../../build'),","    appPublic: resolveOwn('../template/public'),","    appHtml: resolveOwn('../template/public/index.html'),","    appIndexJs: resolveOwn('../template/src/index.js'),","    appPackageJson: resolveOwn('../package.json'),","    appSrc: resolveOwn('../template/src'),","    yarnLockFile: resolveOwn('../template/yarn.lock'),","    testsSetup: resolveOwn('../template/src/setupTests.js'),","    appNodeModules: resolveOwn('../node_modules'),","    ownNodeModules: resolveOwn('../node_modules'),","    nodePaths: nodePaths","  };","}","// @remove-on-eject-end",""],"l":{"12":1,"13":1,"17":1,"18":1,"19":19,"37":1,"40":0,"44":1,"59":1,"60":1,"64":1,"80":1,"81":0}},"/home/travis/build/npmtest/node-npmtest-custom-react-scripts/node_modules/custom-react-scripts/config/polyfills.js":{"path":"/home/travis/build/npmtest/node-npmtest-custom-react-scripts/node_modules/custom-react-scripts/config/polyfills.js","s":{"1":1,"2":0,"3":0,"4":1,"5":1},"b":{"1":[0,1]},"f":{},"fnMap":{},"statementMap":{"1":{"start":{"line":12,"column":0},"end":{"line":18,"column":1}},"2":{"start":{"line":16,"column":2},"end":{"line":16,"column":53}},"3":{"start":{"line":17,"column":2},"end":{"line":17,"column":60}},"4":{"start":{"line":21,"column":0},"end":{"line":21,"column":24}},"5":{"start":{"line":25,"column":0},"end":{"line":25,"column":41}}},"branchMap":{"1":{"line":12,"type":"if","locations":[{"start":{"line":12,"column":0},"end":{"line":12,"column":0}},{"start":{"line":12,"column":0},"end":{"line":12,"column":0}}]}},"code":["// @remove-on-eject-begin","/**"," * Copyright (c) 2015-present, Facebook, Inc."," * All rights reserved."," *"," * This source code is licensed under the BSD-style license found in the"," * LICENSE file in the root directory of this source tree. An additional grant"," * of patent rights can be found in the PATENTS file in the same directory."," */","// @remove-on-eject-end","","if (typeof Promise === 'undefined') {","  // Rejection tracking prevents a common issue where React gets into an","  // inconsistent state due to an error, but it gets swallowed by a Promise,","  // and the user has no idea what causes React's erratic future behavior.","  require('promise/lib/rejection-tracking').enable();","  window.Promise = require('promise/lib/es6-extensions.js');","}","","// fetch() polyfill for making API calls.","require('whatwg-fetch');","","// Object.assign() is commonly used with React.","// It will use the native implementation if it's present and isn't buggy.","Object.assign = require('object-assign');",""],"l":{"12":1,"16":0,"17":0,"21":1,"25":1}},"/home/travis/build/npmtest/node-npmtest-custom-react-scripts/node_modules/custom-react-scripts/config/webpack.config.dev.js":{"path":"/home/travis/build/npmtest/node-npmtest-custom-react-scripts/node_modules/custom-react-scripts/config/webpack.config.dev.js","s":{"1":1,"2":1,"3":1,"4":1,"5":1,"6":1,"7":1,"8":1,"9":1,"10":1,"11":1,"12":1,"13":1,"14":1,"15":1,"16":0},"b":{"1":[0,1]},"f":{"1":0},"fnMap":{"1":{"name":"(anonymous_1)","line":196,"loc":{"start":{"line":196,"column":11},"end":{"line":196,"column":22}}}},"statementMap":{"1":{"start":{"line":12,"column":0},"end":{"line":12,"column":43}},"2":{"start":{"line":13,"column":0},"end":{"line":13,"column":33}},"3":{"start":{"line":14,"column":0},"end":{"line":14,"column":55}},"4":{"start":{"line":15,"column":0},"end":{"line":15,"column":78}},"5":{"start":{"line":16,"column":0},"end":{"line":16,"column":77}},"6":{"start":{"line":17,"column":0},"end":{"line":17,"column":93}},"7":{"start":{"line":18,"column":0},"end":{"line":18,"column":44}},"8":{"start":{"line":19,"column":0},"end":{"line":19,"column":31}},"9":{"start":{"line":20,"column":0},"end":{"line":20,"column":53}},"10":{"start":{"line":24,"column":0},"end":{"line":24,"column":27}},"11":{"start":{"line":29,"column":0},"end":{"line":29,"column":21}},"12":{"start":{"line":33,"column":0},"end":{"line":33,"column":19}},"13":{"start":{"line":35,"column":0},"end":{"line":35,"column":42}},"14":{"start":{"line":37,"column":0},"end":{"line":37,"column":42}},"15":{"start":{"line":42,"column":0},"end":{"line":242,"column":2}},"16":{"start":{"line":197,"column":4},"end":{"line":206,"column":6}}},"branchMap":{"1":{"line":170,"type":"cond-expr","locations":[{"start":{"line":170,"column":50},"end":{"line":170,"column":85}},{"start":{"line":170,"column":88},"end":{"line":170,"column":123}}]}},"code":["// @remove-on-eject-begin","/**"," * Copyright (c) 2015-present, Facebook, Inc."," * All rights reserved."," *"," * This source code is licensed under the BSD-style license found in the"," * LICENSE file in the root directory of this source tree. An additional grant"," * of patent rights can be found in the PATENTS file in the same directory."," */","// @remove-on-eject-end","","var autoprefixer = require('autoprefixer');","var webpack = require('webpack');","var HtmlWebpackPlugin = require('html-webpack-plugin');","var CaseSensitivePathsPlugin = require('case-sensitive-paths-webpack-plugin');","var InterpolateHtmlPlugin = require('react-dev-utils/InterpolateHtmlPlugin');","var WatchMissingNodeModulesPlugin = require('react-dev-utils/WatchMissingNodeModulesPlugin');","var getClientEnvironment = require('./env');","var paths = require('./paths');","var getCustomConfig = require('./get-custom-config');","","// @remove-on-eject-begin","// `path` is not used after eject - see https://github.com/facebookincubator/create-react-app/issues/1174","var path = require('path');","// @remove-on-eject-end","","// Webpack uses `publicPath` to determine where the app is being served from.","// In development, we always serve from the root. This makes config easier.","var publicPath = '/';","// `publicUrl` is just like `publicPath`, but we will provide it to our app","// as %PUBLIC_URL% in `index.html` and `process.env.PUBLIC_URL` in JavaScript.","// Omit trailing slash as %PUBLIC_PATH%/xyz looks better than %PUBLIC_PATH%xyz.","var publicUrl = '';","// Get environment variables to inject into our app.","var env = getClientEnvironment(publicUrl);","//Get custom configuration for injecting plugins, presets and loaders","var customConfig = getCustomConfig(false);","","// This is the development configuration.","// It is focused on developer experience and fast rebuilds.","// The production configuration is different and lives in a separate file.","module.exports = {","  // You may want 'eval' instead if you prefer to see the compiled output in DevTools.","  // See the discussion in https://github.com/facebookincubator/create-react-app/issues/343.","  devtool: 'cheap-module-source-map',","  // These are the \"entry points\" to our application.","  // This means they will be the \"root\" imports that are included in JS bundle.","  // The first two entry points enable \"hot\" CSS and auto-refreshes for JS.","  entry: [","    // Include an alternative client for WebpackDevServer. A client's job is to","    // connect to WebpackDevServer by a socket and get notified about changes.","    // When you save a file, the client will either apply hot updates (in case","    // of CSS changes), or refresh the page (in case of JS changes). When you","    // make a syntax error, this client will display a syntax error overlay.","    // Note: instead of the default WebpackDevServer client, we use a custom one","    // to bring better experience for Create React App users. You can replace","    // the line below with these two lines if you prefer the stock client:","    // require.resolve('webpack-dev-server/client') + '?/',","    // require.resolve('webpack/hot/dev-server'),","    require.resolve('react-dev-utils/webpackHotDevClient'),","    // We ship a few polyfills by default:","    require.resolve('./polyfills'),","    // Finally, this is your app's code:","    paths.appIndexJs","    // We include the app code last so that if there is a runtime error during","    // initialization, it doesn't blow up the WebpackDevServer client, and","    // changing JS code would still trigger a refresh.","  ],","  output: {","    // Next line is not used in dev but WebpackDevServer crashes without it:","    path: paths.appBuild,","    // Add /* filename */ comments to generated require()s in the output.","    pathinfo: true,","    // This does not produce a real file. It's just the virtual path that is","    // served by WebpackDevServer in development. This is the JS bundle","    // containing code from all our entry points, and the Webpack runtime.","    filename: 'static/js/bundle.js',","    // This is the URL that app is served from. We use \"/\" in development.","    publicPath: publicPath","  },","  resolve: {","    // This allows you to set a fallback for where Webpack should look for modules.","    // We read `NODE_PATH` environment variable in `paths.js` and pass paths here.","    // We use `fallback` instead of `root` because we want `node_modules` to \"win\"","    // if there any conflicts. This matches Node resolution mechanism.","    // https://github.com/facebookincubator/create-react-app/issues/253","    fallback: paths.nodePaths,","    // These are the reasonable defaults supported by the Node ecosystem.","    // We also include JSX as a common component filename extension to support","    // some tools, although we do not recommend using it, see:","    // https://github.com/facebookincubator/create-react-app/issues/290","    extensions: ['.js', '.json', '.jsx', ''],","    alias: {","      // Support React Native Web","      // https://www.smashingmagazine.com/2016/08/a-glimpse-into-the-future-with-react-native-for-web/","      'react-native': 'react-native-web'","    }","  },","  // @remove-on-eject-begin","  // Resolve loaders (webpack plugins for CSS, images, transpilation) from the","  // directory of `react-scripts` itself rather than the project directory.","  resolveLoader: {","    root: paths.ownNodeModules,","    moduleTemplates: ['*-loader']","  },","  // @remove-on-eject-end","  module: {","    // First, run the linter.","    // It's important to do this before Babel processes the JS.","    preLoaders: [","      {","        test: /\\.(js|jsx)$/,","        loader: 'eslint',","        include: paths.appSrc,","      }","    ],","    loaders: [","      // Default loader: load all assets that are not handled","      // by other loaders with the url loader.","      // Note: This list needs to be updated with every change of extensions","      // the other loaders match.","      // E.g., when adding a loader for a new supported file extension,","      // we need to add the supported extension to this loader too.","      // Add one new line in `exclude` for each loader.","      //","      // \"file\" loader makes sure those assets get served by WebpackDevServer.","      // When you `import` an asset, you get its (virtual) filename.","      // In production, they would get copied to the `build` folder.","      // \"url\" loader works like \"file\" loader except that it embeds assets","      // smaller than specified limit in bytes as data URLs to avoid requests.","      // A missing `test` is equivalent to a match.","      {","        exclude: [","          /\\.html$/,","          /\\.(js|jsx)$/,","          /\\.css$/,","          /\\.json$/,","          /\\.svg$/","        ].concat(customConfig.excludedFilesRegex),","        loader: 'url',","        query: {","          limit: 10000,","          name: 'static/media/[name].[hash:8].[ext]'","        }","      },","      // Process JS with Babel.","      {","        test: /\\.(js|jsx)$/,","        include: paths.appSrc,","        loader: 'babel',","        query: {","          // @remove-on-eject-begin","          babelrc: false,","          presets: [require.resolve('babel-preset-react-app')].concat(customConfig.presets),","          plugins: [].concat(customConfig.babelPlugins),","          // @remove-on-eject-end","          // This is a feature of `babel-loader` for webpack (not Babel itself).","          // It enables caching results in ./node_modules/.cache/babel-loader/","          // directory for faster rebuilds.","          cacheDirectory: true","        }","      },","      // \"postcss\" loader applies autoprefixer to our CSS.","      // \"css\" loader resolves paths in CSS and adds assets as dependencies.","      // \"style\" loader turns CSS into JS modules that inject <style> tags.","      // In production, we use a plugin to extract that CSS to a file, bu
[...]
:0}}]},"3":{"line":46,"type":"binary-expr","locations":[{"start":{"line":46,"column":19},"end":{"line":46,"column":35}},{"start":{"line":46,"column":39},"end":{"line":46,"column":43}}]},"4":{"line":53,"type":"if","locations":[{"start":{"line":53,"column":0},"end":{"line":53,"column":0}},{"start":{"line":53,"column":0},"end":{"line":53,"column":0}}]},"5":{"line":55,"type":"if","locations":[{"start":{"line":55,"column":4},"end":{"line":55,"column":4}},{"start":{"line":55,"column":4},"end":{"line":55,"column":4}}]},"6":{"line":55,"type":"binary-expr","locations":[{"start":{"line":55,"column":8},"end":{"line":55,"column":11}},{"start":{"line":55,"column":15},"end":{"line":55,"column":32}},{"start":{"line":55,"column":36},"end":{"line":55,"column":55}}]},"7":{"line":73,"type":"if","locations":[{"start":{"line":73,"column":4},"end":{"line":73,"column":4}},{"start":{"line":73,"column":4},"end":{"line":73,"column":4}}]},"8":{"line":84,"type":"if","locations":[{"start":{"line":84,"column":4},"end":{"line":84,"column":4}},{"start":{"line":84,"column":4},"end":{"line":84,"column":4}}]},"9":{"line":92,"type":"binary-expr","locations":[{"start":{"line":92,"column":23},"end":{"line":92,"column":46}},{"start":{"line":92,"column":50},"end":{"line":92,"column":75}}]},"10":{"line":93,"type":"binary-expr","locations":[{"start":{"line":93,"column":27},"end":{"line":93,"column":39}},{"start":{"line":93,"column":44},"end":{"line":93,"column":57}},{"start":{"line":93,"column":61},"end":{"line":93,"column":75}}]},"11":{"line":95,"type":"if","locations":[{"start":{"line":95,"column":4},"end":{"line":95,"column":4}},{"start":{"line":95,"column":4},"end":{"line":95,"column":4}}]},"12":{"line":99,"type":"if","locations":[{"start":{"line":99,"column":4},"end":{"line":99,"column":4}},{"start":{"line":99,"column":4},"end":{"line":99,"column":4}}]},"13":{"line":112,"type":"if","locations":[{"start":{"line":112,"column":4},"end":{"line":112,"column":4}},{"start":{"line":112,"column":4},"end":{"line":112,"column":4}}]},"14":{"line":123,"type":"if","locations":[{"start":{"line":123,"column":4},"end":{"line":123,"column":4}},{"start":{"line":123,"column":4},"end":{"line":123,"column":4}}]},"15":{"line":142,"type":"binary-expr","locations":[{"start":{"line":142,"column":15},"end":{"line":142,"column":26}},{"start":{"line":142,"column":30},"end":{"line":142,"column":46}}]},"16":{"line":155,"type":"if","locations":[{"start":{"line":155,"column":4},"end":{"line":155,"column":4}},{"start":{"line":155,"column":4},"end":{"line":155,"column":4}}]},"17":{"line":155,"type":"binary-expr","locations":[{"start":{"line":155,"column":8},"end":{"line":155,"column":21}},{"start":{"line":155,"column":25},"end":{"line":155,"column":41}}]},"18":{"line":179,"type":"cond-expr","locations":[{"start":{"line":180,"column":6},"end":{"line":180,"column":19}},{"start":{"line":181,"column":6},"end":{"line":181,"column":26}}]},"19":{"line":183,"type":"if","locations":[{"start":{"line":183,"column":2},"end":{"line":183,"column":2}},{"start":{"line":183,"column":2},"end":{"line":183,"column":2}}]},"20":{"line":184,"type":"if","locations":[{"start":{"line":184,"column":4},"end":{"line":184,"column":4}},{"start":{"line":184,"column":4},"end":{"line":184,"column":4}}]},"21":{"line":208,"type":"if","locations":[{"start":{"line":208,"column":8},"end":{"line":208,"column":8}},{"start":{"line":208,"column":8},"end":{"line":208,"column":8}}]},"22":{"line":279,"type":"if","locations":[{"start":{"line":279,"column":4},"end":{"line":279,"column":4}},{"start":{"line":279,"column":4},"end":{"line":279,"column":4}}]},"23":{"line":283,"type":"if","locations":[{"start":{"line":283,"column":4},"end":{"line":283,"column":4}},{"start":{"line":283,"column":4},"end":{"line":283,"column":4}}]},"24":{"line":289,"type":"if","locations":[{"start":{"line":289,"column":4},"end":{"line":289,"column":4}},{"start":{"line":289,"column":4},"end":{"line":289,"column":4}}]},"25":{"line":289,"type":"binary-expr","locations":[{"start":{"line":289,"column":8},"end":{"line":289,"column":21}},{"start":{"line":289,"column":25},"end":{"line":289,"column":61}}]},"26":{"line":296,"type":"cond-expr","locations":[{"start":{"line":296,"column":48},"end":{"line":296,"column":55}},{"start":{"line":296,"column":58},"end":{"line":296,"column":64}}]},"27":{"line":297,"type":"binary-expr","locations":[{"start":{"line":297,"column":13},"end":{"line":297,"column":29}},{"start":{"line":297,"column":33},"end":{"line":297,"column":44}}]},"28":{"line":305,"type":"if","locations":[{"start":{"line":305,"column":2},"end":{"line":305,"column":2}},{"start":{"line":305,"column":2},"end":{"line":305,"column":2}}]},"29":{"line":310,"type":"if","locations":[{"start":{"line":310,"column":2},"end":{"line":310,"column":2}},{"start":{"line":310,"column":2},"end":{"line":310,"column":2}}]},"30":{"line":315,"type":"cond-expr","locations":[{"start":{"line":315,"column":29},"end":{"line":315,"column":63}},{"start":{"line":315,"column":66},"end":{"line":315,"column":68}}]},"31":{"line":319,"type":"if","locations":[{"start":{"line":319,"column":6},"end":{"line":319,"column":6}},{"start":{"line":319,"column":6},"end":{"line":319,"column":6}}]}},"code":["// @remove-on-eject-begin","/**"," * Copyright (c) 2015-present, Facebook, Inc."," * All rights reserved."," *"," * This source code is licensed under the BSD-style license found in the"," * LICENSE file in the root directory of this source tree. An additional grant"," * of patent rights can be found in the PATENTS file in the same directory."," */","// @remove-on-eject-end","","process.env.NODE_ENV = 'development';","","// Load environment variables from .env file. Suppress warnings using silent","// if this file is missing. dotenv will never modify any environment variables","// that have already been set.","// https://github.com/motdotla/dotenv","require('dotenv').config({silent: true});","","var chalk = require('chalk');","var webpack = require('webpack');","var WebpackDevServer = require('webpack-dev-server');","var historyApiFallback = require('connect-history-api-fallback');","var httpProxyMiddleware = require('http-proxy-middleware');","var detect = require('detect-port');","var clearConsole = require('react-dev-utils/clearConsole');","var checkRequiredFiles = require('react-dev-utils/checkRequiredFiles');","var formatWebpackMessages = require('react-dev-utils/formatWebpackMessages');","var getProcessForPort = require('react-dev-utils/getProcessForPort');","var openBrowser = require('react-dev-utils/openBrowser');","var prompt = require('react-dev-utils/prompt');","var fs = require('fs');","var config = require('../config/webpack.config.dev');","var paths = require('../config/paths');","","var useYarn = fs.existsSync(paths.yarnLockFile);","var cli = useYarn ? 'yarn' : 'npm';","var isInteractive = process.stdout.isTTY;","","// Warn and crash if required files are missing","if (!checkRequiredFiles([paths.appHtml, paths.appIndexJs])) {","  process.exit(1);","}","","// Tools like Cloud9 rely on this.","var DEFAULT_PORT = process.env.PORT || 3000;","var compiler;","var handleCompile;","","// You can safely remove this after ejecting.","// We only use this block for testing of Create React App itself:","var isSmokeTest = process.argv.some(arg => arg.indexOf('--smoke-test') > -1);","if (isSmokeTest) {","  handleCompile = function (err, stats) {","    if (err || stats.hasErrors() || stats.hasWarnings()) {","      process.exit(1);","    } else {","      process.exit(0);","    }","  };","}","","function setupCompiler(host, port, protocol) {","  // \"Compiler\" is a low-level interface to Webpack.","  // It lets us listen to some events and provide our own custom messages.","  compiler = webpack(config, handleCompile);","","  // \"invalid\" event fires when you have changed a file, and Webpack is","  // recompiling a bundle. WebpackDevServer takes care to pause serving the","  // bundle, so if you refresh, it'll wait instead of serving the old one.","  // \"invalid\" is short for \"bundle invalidated\", it doesn't imply any errors.","  compiler.plugin('invalid', function() {","    if (isInteractive) {","      clearConsole();","    }","    console.log('Compiling...');","  });","","  var isFirstCompile = true;","","  // \"done\" event fires when Webpack has finished recompiling the bundle.","  // Whether or not you have warnings or errors, you will get this event.","  compiler.plugin('done', function(stats) {","    if (isInteractive) {","      clearConsole();","    }","","    // We have switched off the default Webpack output in WebpackDevServer","    // options so we are going to \"massage\" the warnings and errors and present","    // them in a readable focused way.","    var messages = formatWebpackMessages(stats.toJson({}, true));","    var isSuccessful = !messages.errors.length && !messages.warnings.length;","    var showInstructions = isSuccessful && (isInteractive || isFirstCompile);","","    if (isSuccessful) {","      console.log(chalk.green('Compiled successfully!'));","    }","","    if (showInstructions) {","      console.log();","      console.log('The app is running at:');","      console.log();","      console.log('  ' + chalk.cyan(protocol + '://' + host + ':' + port + '/'));","      console.log();","      console.log('Note that the development build is not optimized.');","      console.log('To create a production build, use ' + chalk.cyan(cli + ' run build') + '.');","      console.log();","      isFirstCompile = false;","    }","","    // If errors exist, only show errors.","    if (messages.errors.length) {","      console.log(chalk.red('Failed to compile.'));","      console.log();","      messages.errors.forEach(message => {","        console.log(message);","        console.log();","      });","      return;","    }","","    // Show warnings if no errors were found.","    if (messages.warnings.length) {","      console.log(chalk.yellow('Compiled with warnings.'));","      console.log();","      messages.warnings.forEach(message => {","        console.log(message);","        console.log();","      });","      // Teach some ESLint tricks.","      console.log('You may use special comments to disable some warnings.');","      console.log('Use ' + chalk.yellow('// eslint-disable-next-line') + ' to ignore the next line.');","      console.log('Use ' + chalk.yellow('/* eslint-disable */') + ' to ignore all warnings in a file.');","    }","  });","}","","// We need to provide a custom onError function for httpProxyMiddleware.","// It allows us to log custom error messages on the console.","function onProxyError(proxy) {","  return function(err, req, res){","    var host = req.headers && req.headers.host;","    console.log(","      chalk.red('Proxy error:') + ' Could not proxy request ' + chalk.cyan(req.url) +","      ' from ' + chalk.cyan(host) + ' to ' + chalk.cyan(proxy) + '.'","    );","    console.log(","      'See https://nodejs.org/api/errors.html#errors_common_system_errors for more information (' +","      chalk.cyan(err.code) + ').'","    );","    console.log();","","    // And immediately send the proper error response to the client.","    // Otherwise, the request will eventually timeout with ERR_EMPTY_RESPONSE on the client side.","    if (res.writeHead && !res.headersSent) {","        res.writeHead(500);","    }","    res.end('Proxy error: Could not proxy request ' + req.url + ' from ' +","      host + ' to ' + proxy + ' (' + err.code + ').'","    );","  }","}","","function addMiddleware(devServer) {","  // `proxy` lets you to specify a fallback server during development.","  // Every unrecognized request will be forwarded to it.","  var proxy = require(paths.appPackageJson).proxy;","  devServer.use(historyApiFallback({","    // Paths with dots should still use the history fallback.","    // See https://github.com/facebookincubator/create-react-app/issues/387.","    disableDotRule: true,","    // For single page apps, we generally want to fallback to /index.html.","    // However we also want to respect `proxy` for API calls.","    // So if `proxy` is specified, we need to decide which fallback to use.","    // We use a heuristic: if request `accept`s text/html, we pick /index.html.","    // Modern browsers include text/html into `accept` header when navigating.","    // However API calls like `fetch()` won’t generally accept text/html.","    // If this heuristic doesn’t work well for you, don’t use `proxy`.","    htmlAcceptHeaders: proxy ?","      ['text/html'] :","      ['text/html', '*/*']","  }));","  if (proxy) {","    if (typeof proxy !== 'string') {","      console.log(chalk.red('When specified, \"proxy\" in package.json must be a string.'));","      console.log(chalk.red('Instead, the type of \"proxy\" was \"' + typeof proxy + '\".'));","      console.log(chalk.red('Either remove \"proxy\" from package.json, or make it a string.'));","      process.exit(1);","    }","","    // Otherwise, if proxy is specified, we will let it handle any request.","    // There are a few exceptions which we won't send to the proxy:","    // - /index.html (served as HTML5 history API fallback)","    // - /*.hot-update.json (WebpackDevServer uses this too for hot reloading)","    // - /sockjs-node/* (WebpackDevServer uses this for hot reloading)","    // Tip: use https://jex.im/regulex/ to visualize the regex","    var mayProxy = /^(?!\\/(index\\.html$|.*\\.hot-update\\.json$|sockjs-node\\/)).*$/;","","    // Pass the scope regex both to Express and to the middleware for proxying","    // of both HTTP and WebSockets to work without false positives.","    var hpm = httpProxyMiddleware(pathname => mayProxy.test(pathname), {","      target: proxy,","      logLevel: 'silent',","      onProxyReq: function(proxyReq, req, res) {","        // Browers may send Origin headers even with same-origin","        // requests. To prevent CORS issues, we have to change","        // the Origin to match the target URL.","        if (proxyReq.getHeader('origin')) {","          proxyReq.setHeader('origin', proxy);","        }","      },","      onError: onProxyError(proxy),","      secure: false,","      changeOrigin: true,","      ws: true","    });","    devServer.use(mayProxy, hpm);","","    // Listen for the websocket 'upgrade' event and upgrade the connection.","    // If this is not done, httpProxyMiddleware will not try to upgrade until","    // an initial plain HTTP request is made.","    devServer.listeningApp.on('upgrade', hpm.upgrade);","  }","","  // Finally, by now we have certainly resolved the URL.","  // It may be /index.html, so let the dev server try serving it again.","  devServer.use(devServer.middleware);","}","","function runDevServer(host, port, protocol) {","  var devServer = new WebpackDevServer(compiler, {","    // Enable gzip compression of generated files.","    compress: true,","    // Silence WebpackDevServer's own logs since they're generally not useful.","    // It will still show compile warnings and errors with this setting.","    clientLogLevel: 'none',","    // By default WebpackDevServer serves physical files from current directory","    // in addition to all the virtual build products that it serves from memory.","    // This is confusing because those files won’t automatically be available in","    // production build folder unless we copy them. However, copying the whole","    // project directory is dangerous because we may expose sensitive files.","    // Instead, we establish a convention that only files in `public` directory","    // get served. Our build script will copy `public` into the `build` folder.","    // In `index.html`, you can get URL of `public` folder with %PUBLIC_PATH%:","    // <link rel=\"shortcut icon\" href=\"%PUBLIC_URL%/favicon.ico\">","    // In JavaScript code, you can access it with `process.env.PUBLIC_URL`.","    // Note that we only recommend to use `public` folder as an escape hatch","    // for files like `favicon.ico`, `manifest.json`, and libraries that are","    // for some reason broken when imported through Webpack. If you just want to","    // use an image, put it in `src` and `import` it from JavaScript instead.","    contentBase: paths.appPublic,","    // Enable hot reloading server. It will provide /sockjs-node/ endpoint","    // for the WebpackDevServer client so it can learn when the files were","    // updated. The WebpackDevServer client is included as an entry point","    // in the Webpack development configuration. Note that only changes","    // to CSS are currently hot reloaded. JS changes will refresh the browser.","    hot: true,","    // It is important to tell WebpackDevServer to use the same \"root\" path","    // as we specified in the config. In development, we always serve from /.","    publicPath: config.output.publicPath,","    // WebpackDevServer is noisy by default so we emit custom message instead","    // by listening to the compiler events with `compiler.plugin` calls above.","    quiet: true,","    // Reportedly, this avoids CPU overload on some systems.","    // https://github.com/facebookincubator/create-react-app/issues/293","    watchOptions: {","      ignored: /node_modules/","    },","    // Enable HTTPS if the HTTPS environment variable is set to 'true'","    https: protocol === \"https\",","    host: host","  });","","  // Our custom middleware proxies requests to /index.html or a remote API.","  addMiddleware(devServer);","","  // Launch WebpackDevServer.","  devServer.listen(port, (err, result) => {","    if (err) {","      return console.log(err);","    }","","    if (isInteractive) {","      clearConsole();","    }","    console.log(chalk.cyan('Starting the development server...'));","    console.log();","","    if (isInteractive && process.env.OPEN_BROWSER !== 'false') {","      openBrowser(protocol + '://' + host + ':' + port + '/');","    }","  });","}","","function run(port) {","  var protocol = process.env.HTTPS === 'true' ? \"https\" : \"http\";","  var host = process.env.HOST || 'localhost';","  setupCompiler(host, port, protocol);","  runDevServer(host, port, protocol);","}","","// We attempt to use the default port but if it is busy, we offer the user to","// run on a different port. `detect()` Promise resolves to the next free port.","detect(DEFAULT_PORT).then(port => {","  if (port === DEFAULT_PORT) {","    run(port);","    return;","  }","","  if (isInteractive) {","    clearConsole();","    var existingProcess = getProcessForPort(DEFAULT_PORT);","    var question =","      chalk.yellow('Something is already running on port ' + DEFAULT_PORT + '.' +","        ((existingProcess) ? ' Probably:\\n  ' + existingProcess : '')) +","        '\\n\\nWould you like to run the app on another port instead?';","","    prompt(question, true).then(shouldChangePort => {","      if (shouldChangePort) {","        run(port);","      }","    });","  } else {","    console.log(chalk.red('Something is already running on port ' + DEFAULT_PORT + '.'));","  }","});",""],"l":{"12":1,"18":1,"20":1,"21":1,"22":1,"23":1,"24":1,"25":1,"26":1,"27":1,"28":1,"29":1,"30":1,"31":1,"32":1,"33":1,"34":1,"36":1,"37":1,"38":1,"41":1,"42":1,"46":1,"47":1,"48":1,"52":2,"53":1,"54":0,"55":0,"56":0,"58":0,"63":1,"66":0,"72":0,"73":0,"74":0,"76":0,"79":0,"83":0,"84":0,"85":0,"91":0,"92":0,"93":0,"95":0,"96":0,"99":0,"100":0,"101":0,"102":0,"103":0,"104":0,"105":0,"106":0,"107":0,"108":0,"112":0,"113":0,"114":0,"115":0,"116":0,"117":0,"119":0,"123":0,"124":0,"125":0,"126":0,"127":0,"128":0,"131":0,"132":0,"133":0,"140":1,"141":0,"142":0,"143":0,"147":0,"151":0,"155":0,"156":0,"158":0,"164":1,"167":0,"168":0,"183":0,"184":0,"185":0,"186":0,"187":0,"188":0,"197":0,"201":0,"208":0,"209":0,"217":0,"222":0,"227":0,"230":1,"231":0,"275":0,"278":0,"279":0,"280":0,"283":0,"284":0,"286":0,"287":0,"289":0,"290":0,"295":1,"296":0,"297":0,"298":0,"299":0,"304":1,"305":1,"306":0,"307":0,"310":1,"311":1,"312":1,"313":1,"318":1,"319":0,"320":0,"324":0}}}